#
# There is insufficient memory for the Java Runtime Environment to continue.
# Native memory allocation (malloc) failed to allocate 131088 bytes for Chunk::new
# Possible reasons:
#   The system is out of physical RAM or swap space
#   The process is running with CompressedOops enabled, and the Java Heap may be blocking the growth of the native heap
# Possible solutions:
#   Reduce memory load on the system
#   Increase physical memory or swap space
#   Check if swap backing store is full
#   Decrease Java heap size (-Xmx/-Xms)
#   Decrease number of Java threads
#   Decrease Java thread stack sizes (-Xss)
#   Set larger code cache with -XX:ReservedCodeCacheSize=
#   JVM is running with Unscaled Compressed Oops mode in which the Java heap is
#     placed in the first 4GB address space. The Java Heap base address is the
#     maximum limit for the native heap growth. Please use -XX:HeapBaseMinAddress
#     to set the Java Heap base and to place the Java Heap above 4GB virtual address.
# This output file may be truncated or incomplete.
#
#  Out of Memory Error (allocation.cpp:389), pid=31264, tid=0x00000000000057d8
#
# JRE version: OpenJDK Runtime Environment (8.0_242-b01) (build 1.8.0_242-release-1644-b01)
# Java VM: OpenJDK 64-Bit Server VM (25.242-b01 mixed mode windows-amd64 compressed oops)
# Failed to write core dump. Minidumps are not enabled by default on client versions of Windows
#

---------------  T H R E A D  ---------------

Current thread (0x000000001a2b8800):  JavaThread "C2 CompilerThread0" daemon [_thread_in_native, id=22488, stack(0x000000001ab90000,0x000000001ac90000)]

Stack: [0x000000001ab90000,0x000000001ac90000]
[error occurred during error reporting (printing stack bounds), id 0xc0000005]

Native frames: (J=compiled Java code, j=interpreted, Vv=VM code, C=native code)


Current CompileTask:
C2:  29395 8844       4       org.gradle.api.internal.artifacts.ivyservice.resolveengine.artifact.ArtifactBackedResolvedVariant$SingleArtifactSet::startVisit (62 bytes)


---------------  P R O C E S S  ---------------

Java Threads: ( => current thread )
  0x000000001b8bf800 JavaThread "WorkerExecutor Queue Thread 9" [_thread_blocked, id=6416, stack(0x000000002d620000,0x000000002d720000)]
  0x000000001c072000 JavaThread "stdout" [_thread_in_native, id=31404, stack(0x000000002df70000,0x000000002e070000)]
  0x000000001c078000 JavaThread "stderr" [_thread_in_native, id=14264, stack(0x000000002de70000,0x000000002df70000)]
  0x000000001c076800 JavaThread "stdout" [_thread_in_native, id=13540, stack(0x000000002dd70000,0x000000002de70000)]
  0x000000001c071000 JavaThread "stderr" [_thread_in_native, id=24216, stack(0x000000002dc70000,0x000000002dd70000)]
  0x000000001c072800 JavaThread "stdout" [_thread_in_native, id=25708, stack(0x000000002db70000,0x000000002dc70000)]
  0x000000001c077000 JavaThread "stderr" [_thread_in_native, id=35068, stack(0x000000002da70000,0x000000002db70000)]
  0x000000001c075800 JavaThread "stdout" [_thread_in_native, id=23808, stack(0x000000002d970000,0x000000002da70000)]
  0x000000001c073800 JavaThread "stderr" [_thread_in_native, id=30996, stack(0x000000002d870000,0x000000002d970000)]
  0x000000001c074000 JavaThread "stdout" [_thread_in_native, id=17640, stack(0x000000002d770000,0x000000002d870000)]
  0x000000001c075000 JavaThread "stderr" [_thread_in_native, id=33644, stack(0x000000002ce00000,0x000000002cf00000)]
  0x000000001b8c5800 JavaThread "stdout" [_thread_in_native, id=22832, stack(0x000000002d520000,0x000000002d620000)]
  0x000000001b8c8800 JavaThread "stderr" [_thread_in_native, id=33052, stack(0x000000002d420000,0x000000002d520000)]
  0x000000001b8c6000 JavaThread "stdout" [_thread_in_native, id=30556, stack(0x000000002d320000,0x000000002d420000)]
  0x000000001b8c7800 JavaThread "stderr" [_thread_in_native, id=33716, stack(0x000000002d220000,0x000000002d320000)]
  0x000000001b8c4800 JavaThread "stdout" [_thread_in_native, id=23420, stack(0x000000002d120000,0x000000002d220000)]
  0x000000001b8c7000 JavaThread "stderr" [_thread_in_native, id=9656, stack(0x000000002d020000,0x000000002d120000)]
  0x000000001b8c4000 JavaThread "pool-2-thread-1" [_thread_blocked, id=34400, stack(0x000000002cf20000,0x000000002d020000)]
  0x000000001b8c3000 JavaThread "WorkerExecutor Queue Thread 8" [_thread_blocked, id=17440, stack(0x000000002cd00000,0x000000002ce00000)]
  0x000000001b8c9000 JavaThread "WorkerExecutor Queue Thread 7" [_thread_blocked, id=26788, stack(0x000000002cc00000,0x000000002cd00000)]
  0x000000001b8bb800 JavaThread "WorkerExecutor Queue Thread 6" [_thread_blocked, id=33200, stack(0x000000002cb00000,0x000000002cc00000)]
  0x000000001b8c2800 JavaThread "WorkerExecutor Queue Thread 5" [_thread_blocked, id=6164, stack(0x000000002ca00000,0x000000002cb00000)]
  0x000000001b8c0000 JavaThread "WorkerExecutor Queue Thread 4" [_thread_blocked, id=24356, stack(0x000000002c900000,0x000000002ca00000)]
  0x000000001b8bd000 JavaThread "WorkerExecutor Queue Thread 3" [_thread_in_vm, id=17084, stack(0x000000002c800000,0x000000002c900000)]
  0x000000001b8ba800 JavaThread "WorkerExecutor Queue Thread 2" [_thread_blocked, id=19980, stack(0x000000002c700000,0x000000002c800000)]
  0x000000001b8c1800 JavaThread "WorkerExecutor Queue" [_thread_blocked, id=35380, stack(0x000000002c600000,0x000000002c700000)]
  0x000000001b8ba000 JavaThread "Cache worker for execution history cache (C:\Users\ACER\AndroidStudioProjects\Translator\.gradle\6.5\executionHistory)" [_thread_blocked, id=19436, stack(0x000000002c000000,0x000000002c100000)]
  0x000000001b8bd800 JavaThread "Execution worker for ':' Thread 7" [_thread_blocked, id=29516, stack(0x000000002bf00000,0x000000002c000000)]
  0x000000001bb2e000 JavaThread "Execution worker for ':' Thread 6" [_thread_blocked, id=35400, stack(0x000000002be00000,0x000000002bf00000)]
  0x000000001bb2d000 JavaThread "Execution worker for ':' Thread 5" [_thread_blocked, id=7440, stack(0x000000002bd00000,0x000000002be00000)]
  0x000000001bb2e800 JavaThread "Execution worker for ':' Thread 4" [_thread_blocked, id=35088, stack(0x000000002bc00000,0x000000002bd00000)]
  0x000000001bb25800 JavaThread "Execution worker for ':' Thread 3" [_thread_blocked, id=24060, stack(0x000000002bb00000,0x000000002bc00000)]
  0x000000001bb2c800 JavaThread "Execution worker for ':' Thread 2" [_thread_blocked, id=33292, stack(0x000000002ba00000,0x000000002bb00000)]
  0x000000001bb2b000 JavaThread "Execution worker for ':'" [_thread_blocked, id=29764, stack(0x000000002b900000,0x000000002ba00000)]
  0x000000001bb2a000 JavaThread "Cache worker for file content cache (C:\Users\ACER\AndroidStudioProjects\Translator\.gradle\6.5\fileContent)" [_thread_blocked, id=10716, stack(0x000000002b400000,0x000000002b500000)]
  0x000000001bb2b800 JavaThread "Memory manager" [_thread_blocked, id=24464, stack(0x000000002a8e0000,0x000000002a9e0000)]
  0x000000001bb22800 JavaThread "Cache worker for Build Output Cleanup Cache (C:\Users\ACER\AndroidStudioProjects\Translator\.gradle\buildOutputCleanup)" [_thread_blocked, id=18644, stack(0x000000002a1e0000,0x000000002a2e0000)]
  0x000000001bb29800 JavaThread "jar transforms Thread 92" [_thread_blocked, id=26684, stack(0x0000000029ee0000,0x0000000029fe0000)]
  0x000000001bb22000 JavaThread "jar transforms Thread 91" [_thread_blocked, id=29488, stack(0x0000000029de0000,0x0000000029ee0000)]
  0x000000001bb28800 JavaThread "jar transforms Thread 90" [_thread_blocked, id=30956, stack(0x0000000029ce0000,0x0000000029de0000)]
  0x000000001bb25000 JavaThread "jar transforms Thread 89" [_thread_blocked, id=24900, stack(0x0000000029be0000,0x0000000029ce0000)]
  0x000000001bb21000 JavaThread "jar transforms Thread 88" [_thread_blocked, id=26620, stack(0x0000000029ae0000,0x0000000029be0000)]
  0x000000001bb28000 JavaThread "jar transforms Thread 87" [_thread_blocked, id=32156, stack(0x00000000299e0000,0x0000000029ae0000)]
  0x000000001bb26800 JavaThread "jar transforms Thread 86" [_thread_blocked, id=27264, stack(0x00000000298e0000,0x00000000299e0000)]
  0x000000001bb27000 JavaThread "jar transforms Thread 85" [_thread_blocked, id=32924, stack(0x00000000297e0000,0x00000000298e0000)]
  0x000000001bb1f800 JavaThread "jar transforms Thread 84" [_thread_blocked, id=26004, stack(0x00000000296e0000,0x00000000297e0000)]
  0x000000001bb24000 JavaThread "jar transforms Thread 83" [_thread_blocked, id=25256, stack(0x00000000295e0000,0x00000000296e0000)]
  0x000000001bb20800 JavaThread "jar transforms Thread 82" [_thread_blocked, id=25500, stack(0x00000000294e0000,0x00000000295e0000)]
  0x000000001bb23800 JavaThread "jar transforms Thread 81" [_thread_blocked, id=29940, stack(0x00000000293e0000,0x00000000294e0000)]
  0x0000000020265800 JavaThread "jar transforms Thread 80" [_thread_blocked, id=24412, stack(0x00000000292e0000,0x00000000293e0000)]
  0x0000000020262800 JavaThread "jar transforms Thread 79" [_thread_blocked, id=30280, stack(0x00000000291e0000,0x00000000292e0000)]
  0x0000000020265000 JavaThread "jar transforms Thread 78" [_thread_blocked, id=28844, stack(0x00000000290e0000,0x00000000291e0000)]
  0x0000000020268800 JavaThread "jar transforms Thread 77" [_thread_blocked, id=9364, stack(0x0000000028fe0000,0x00000000290e0000)]
  0x0000000020264000 JavaThread "jar transforms Thread 76" [_thread_blocked, id=27600, stack(0x0000000028ee0000,0x0000000028fe0000)]
  0x0000000020268000 JavaThread "jar transforms Thread 75" [_thread_blocked, id=23388, stack(0x0000000028de0000,0x0000000028ee0000)]
  0x0000000020262000 JavaThread "jar transforms Thread 74" [_thread_blocked, id=29008, stack(0x0000000028ce0000,0x0000000028de0000)]
  0x0000000020260800 JavaThread "jar transforms Thread 73" [_thread_blocked, id=32536, stack(0x0000000028be0000,0x0000000028ce0000)]
  0x0000000020266800 JavaThread "jar transforms Thread 72" [_thread_blocked, id=30712, stack(0x0000000028ae0000,0x0000000028be0000)]
  0x0000000020267000 JavaThread "jar transforms Thread 71" [_thread_blocked, id=23732, stack(0x00000000289e0000,0x0000000028ae0000)]
  0x000000002025f800 JavaThread "jar transforms Thread 70" [_thread_blocked, id=34964, stack(0x00000000288e0000,0x00000000289e0000)]
  0x0000000020261000 JavaThread "jar transforms Thread 69" [_thread_blocked, id=22900, stack(0x00000000287e0000,0x00000000288e0000)]
  0x000000002025d800 JavaThread "jar transforms Thread 68" [_thread_blocked, id=30120, stack(0x00000000286e0000,0x00000000287e0000)]
  0x0000000020263800 JavaThread "jar transforms Thread 67" [_thread_blocked, id=34260, stack(0x00000000285e0000,0x00000000286e0000)]
  0x0000000020259800 JavaThread "jar transforms Thread 66" [_thread_blocked, id=29296, stack(0x00000000284e0000,0x00000000285e0000)]
  0x000000002025f000 JavaThread "jar transforms Thread 65" [_thread_blocked, id=11972, stack(0x00000000283e0000,0x00000000284e0000)]
  0x000000002025c000 JavaThread "jar transforms Thread 64" [_thread_blocked, id=15484, stack(0x00000000282e0000,0x00000000283e0000)]
  0x000000002025e000 JavaThread "jar transforms Thread 63" [_thread_blocked, id=16824, stack(0x00000000281e0000,0x00000000282e0000)]
  0x000000002025b000 JavaThread "jar transforms Thread 62" [_thread_blocked, id=24392, stack(0x00000000280e0000,0x00000000281e0000)]
  0x000000002025c800 JavaThread "jar transforms Thread 61" [_thread_blocked, id=31452, stack(0x0000000027fe0000,0x00000000280e0000)]
  0x000000002025a800 JavaThread "jar transforms Thread 60" [_thread_blocked, id=32636, stack(0x0000000027ee0000,0x0000000027fe0000)]
  0x0000000020249000 JavaThread "jar transforms Thread 59" [_thread_blocked, id=31904, stack(0x0000000027de0000,0x0000000027ee0000)]
  0x0000000020248800 JavaThread "jar transforms Thread 58" [_thread_blocked, id=27960, stack(0x0000000027ce0000,0x0000000027de0000)]
  0x0000000020247800 JavaThread "jar transforms Thread 57" [_thread_blocked, id=30200, stack(0x0000000027be0000,0x0000000027ce0000)]
  0x000000002024b800 JavaThread "jar transforms Thread 56" [_thread_blocked, id=13560, stack(0x0000000027ae0000,0x0000000027be0000)]
  0x000000002024e800 JavaThread "jar transforms Thread 55" [_thread_blocked, id=32340, stack(0x00000000279e0000,0x0000000027ae0000)]
  0x000000002024d800 JavaThread "jar transforms Thread 54" [_thread_blocked, id=30300, stack(0x00000000278e0000,0x00000000279e0000)]
  0x000000002024d000 JavaThread "jar transforms Thread 53" [_thread_blocked, id=12712, stack(0x00000000277e0000,0x00000000278e0000)]
  0x000000002024c000 JavaThread "jar transforms Thread 52" [_thread_blocked, id=16768, stack(0x00000000276e0000,0x00000000277e0000)]
  0x000000002024a800 JavaThread "jar transforms Thread 51" [_thread_blocked, id=5460, stack(0x00000000275e0000,0x00000000276e0000)]
  0x000000002024a000 JavaThread "jar transforms Thread 50" [_thread_blocked, id=29452, stack(0x00000000274e0000,0x00000000275e0000)]
  0x0000000020242800 JavaThread "jar transforms Thread 49" [_thread_blocked, id=25024, stack(0x00000000273e0000,0x00000000274e0000)]
  0x0000000020243000 JavaThread "jar transforms Thread 48" [_thread_blocked, id=35396, stack(0x00000000272e0000,0x00000000273e0000)]
  0x0000000020240000 JavaThread "jar transforms Thread 47" [_thread_blocked, id=27448, stack(0x00000000271e0000,0x00000000272e0000)]
  0x0000000020247000 JavaThread "jar transforms Thread 46" [_thread_blocked, id=33788, stack(0x00000000270e0000,0x00000000271e0000)]
  0x0000000020244000 JavaThread "jar transforms Thread 45" [_thread_blocked, id=23496, stack(0x0000000026fe0000,0x00000000270e0000)]
  0x0000000020241800 JavaThread "jar transforms Thread 44" [_thread_blocked, id=34880, stack(0x0000000026ee0000,0x0000000026fe0000)]
  0x0000000020246000 JavaThread "jar transforms Thread 43" [_thread_blocked, id=29688, stack(0x0000000026de0000,0x0000000026ee0000)]
  0x000000002023f800 JavaThread "jar transforms Thread 42" [_thread_blocked, id=25804, stack(0x0000000026ce0000,0x0000000026de0000)]
  0x0000000020245800 JavaThread "jar transforms Thread 41" [_thread_blocked, id=29504, stack(0x0000000026be0000,0x0000000026ce0000)]
  0x0000000020241000 JavaThread "jar transforms Thread 40" [_thread_blocked, id=14164, stack(0x0000000026ae0000,0x0000000026be0000)]
  0x0000000020244800 JavaThread "jar transforms Thread 39" [_thread_blocked, id=2736, stack(0x00000000269e0000,0x0000000026ae0000)]
  0x0000000020075000 JavaThread "jar transforms Thread 38" [_thread_blocked, id=10472, stack(0x00000000268e0000,0x00000000269e0000)]
  0x0000000020073800 JavaThread "jar transforms Thread 37" [_thread_blocked, id=30388, stack(0x00000000267e0000,0x00000000268e0000)]
  0x0000000020073000 JavaThread "jar transforms Thread 36" [_thread_blocked, id=33128, stack(0x00000000266e0000,0x00000000267e0000)]
  0x0000000020074800 JavaThread "jar transforms Thread 35" [_thread_blocked, id=23860, stack(0x00000000265e0000,0x00000000266e0000)]
  0x0000000020076800 JavaThread "jar transforms Thread 34" [_thread_blocked, id=31664, stack(0x00000000264e0000,0x00000000265e0000)]
  0x0000000020076000 JavaThread "jar transforms Thread 33" [_thread_blocked, id=18540, stack(0x00000000263e0000,0x00000000264e0000)]
  0x000000002006b000 JavaThread "jar transforms Thread 32" [_thread_blocked, id=27496, stack(0x00000000262e0000,0x00000000263e0000)]
  0x0000000020072000 JavaThread "jar transforms Thread 31" [_thread_blocked, id=30964, stack(0x00000000261e0000,0x00000000262e0000)]
  0x000000002006a800 JavaThread "jar transforms Thread 30" [_thread_blocked, id=23148, stack(0x00000000260e0000,0x00000000261e0000)]
  0x0000000020071800 JavaThread "jar transforms Thread 29" [_thread_blocked, id=32780, stack(0x0000000025fe0000,0x00000000260e0000)]
  0x0000000020069800 JavaThread "jar transforms Thread 28" [_thread_blocked, id=6508, stack(0x0000000025ee0000,0x0000000025fe0000)]
  0x0000000020070800 JavaThread "jar transforms Thread 27" [_thread_blocked, id=26324, stack(0x0000000025de0000,0x0000000025ee0000)]
  0x0000000020069000 JavaThread "jar transforms Thread 26" [_thread_blocked, id=26412, stack(0x0000000025ce0000,0x0000000025de0000)]
  0x0000000020070000 JavaThread "jar transforms Thread 25" [_thread_blocked, id=29780, stack(0x0000000025be0000,0x0000000025ce0000)]
  0x0000000020068000 JavaThread "jar transforms Thread 24" [_thread_blocked, id=13772, stack(0x0000000025ae0000,0x0000000025be0000)]
  0x000000002006c000 JavaThread "jar transforms Thread 23" [_thread_blocked, id=31656, stack(0x00000000259e0000,0x0000000025ae0000)]
  0x000000002006f000 JavaThread "jar transforms Thread 22" [_thread_blocked, id=32820, stack(0x00000000258e0000,0x00000000259e0000)]
  0x000000002006c800 JavaThread "jar transforms Thread 21" [_thread_blocked, id=33612, stack(0x00000000257e0000,0x00000000258e0000)]
  0x000000002006d800 JavaThread "jar transforms Thread 20" [_thread_blocked, id=23032, stack(0x00000000256e0000,0x00000000257e0000)]
  0x0000000020067800 JavaThread "jar transforms Thread 19" [_thread_blocked, id=30744, stack(0x00000000255e0000,0x00000000256e0000)]
  0x000000002006e000 JavaThread "jar transforms Thread 18" [_thread_blocked, id=23524, stack(0x00000000254e0000,0x00000000255e0000)]
  0x000000001b422800 JavaThread "jar transforms Thread 17" [_thread_blocked, id=26784, stack(0x00000000253e0000,0x00000000254e0000)]
  0x000000001b422000 JavaThread "jar transforms Thread 16" [_thread_blocked, id=2200, stack(0x00000000252e0000,0x00000000253e0000)]
  0x000000001b41d800 JavaThread "jar transforms Thread 15" [_thread_blocked, id=9820, stack(0x00000000251e0000,0x00000000252e0000)]
  0x000000001b420800 JavaThread "jar transforms Thread 14" [_thread_blocked, id=19736, stack(0x00000000250e0000,0x00000000251e0000)]
  0x000000001b41c800 JavaThread "jar transforms Thread 13" [_thread_blocked, id=30292, stack(0x0000000024fe0000,0x00000000250e0000)]
  0x000000001b423800 JavaThread "jar transforms Thread 12" [_thread_blocked, id=24876, stack(0x0000000024ee0000,0x0000000024fe0000)]
  0x000000001b41f800 JavaThread "jar transforms Thread 11" [_thread_blocked, id=28988, stack(0x0000000024de0000,0x0000000024ee0000)]
  0x000000001b421000 JavaThread "jar transforms Thread 10" [_thread_blocked, id=25772, stack(0x0000000024ce0000,0x0000000024de0000)]
  0x000000001b41e000 JavaThread "jar transforms Thread 9" [_thread_blocked, id=32192, stack(0x0000000024be0000,0x0000000024ce0000)]
  0x000000001b41f000 JavaThread "jar transforms Thread 8" [_thread_blocked, id=15636, stack(0x0000000024ae0000,0x0000000024be0000)]
  0x000000001b41c000 JavaThread "jar transforms Thread 7" [_thread_blocked, id=3744, stack(0x00000000249e0000,0x0000000024ae0000)]
  0x000000001b415000 JavaThread "jar transforms Thread 6" [_thread_blocked, id=35812, stack(0x00000000248e0000,0x00000000249e0000)]
  0x000000001b414800 JavaThread "jar transforms Thread 5" [_thread_blocked, id=33460, stack(0x00000000247e0000,0x00000000248e0000)]
  0x000000001b41b000 JavaThread "jar transforms Thread 4" [_thread_blocked, id=34888, stack(0x00000000246e0000,0x00000000247e0000)]
  0x000000001b419800 JavaThread "jar transforms Thread 3" [_thread_blocked, id=32976, stack(0x00000000245e0000,0x00000000246e0000)]
  0x000000001b41a800 JavaThread "jar transforms Thread 2" [_thread_blocked, id=34404, stack(0x00000000244e0000,0x00000000245e0000)]
  0x000000001b418000 JavaThread "Build operations Thread 8" [_thread_blocked, id=17416, stack(0x00000000242e0000,0x00000000243e0000)]
  0x000000001b417800 JavaThread "Build operations Thread 7" [_thread_blocked, id=25192, stack(0x00000000241e0000,0x00000000242e0000)]
  0x000000001b419000 JavaThread "Build operations Thread 6" [_thread_blocked, id=28492, stack(0x00000000240e0000,0x00000000241e0000)]
  0x000000001b416000 JavaThread "Build operations Thread 5" [_thread_blocked, id=35432, stack(0x0000000023fe0000,0x00000000240e0000)]
  0x000000001b416800 JavaThread "Build operations Thread 4" [_thread_blocked, id=19480, stack(0x0000000023ee0000,0x0000000023fe0000)]
  0x000000001d4d2000 JavaThread "Build operations Thread 3" [_thread_blocked, id=33500, stack(0x0000000023de0000,0x0000000023ee0000)]
  0x000000001d4d1000 JavaThread "Build operations Thread 2" [_thread_blocked, id=28276, stack(0x0000000023ce0000,0x0000000023de0000)]
  0x000000001d4d0800 JavaThread "Build operations" [_thread_blocked, id=29880, stack(0x0000000023be0000,0x0000000023ce0000)]
  0x000000001d4d4000 JavaThread "Cache worker for file content cache (C:\Users\ACER\.gradle\caches\6.5\fileContent)" [_thread_blocked, id=30448, stack(0x00000000234e0000,0x00000000235e0000)]
  0x000000001a2d5000 JavaThread "jar transforms" [_thread_blocked, id=34336, stack(0x00000000233e0000,0x00000000234e0000)]
  0x000000001a2d7000 JavaThread "Cache worker for execution history cache (C:\Users\ACER\.gradle\caches\6.5\executionHistory)" [_thread_blocked, id=6992, stack(0x0000000022ce0000,0x0000000022de0000)]
  0x000000001a2db800 JavaThread "Cache worker for cache directory md-rule (C:\Users\ACER\.gradle\caches\6.5\md-rule)" [_thread_blocked, id=8080, stack(0x0000000022be0000,0x0000000022ce0000)]
  0x000000001a2db000 JavaThread "Cache worker for cache directory md-supplier (C:\Users\ACER\.gradle\caches\6.5\md-supplier)" [_thread_blocked, id=17888, stack(0x0000000022ae0000,0x0000000022be0000)]
  0x000000001a2d6800 JavaThread "Cache worker for checksums cache (C:\Users\ACER\AndroidStudioProjects\Translator\.gradle\checksums)" [_thread_blocked, id=19660, stack(0x0000000021550000,0x0000000021650000)]
  0x000000001a2d8800 JavaThread "Cache worker for file hash cache (C:\Users\ACER\AndroidStudioProjects\Translator\.gradle\6.5\fileHashes)" [_thread_blocked, id=30128, stack(0x0000000021450000,0x0000000021550000)]
  0x000000001a2d5800 JavaThread "Cache worker for file hash cache (C:\Users\ACER\.gradle\caches\6.5\fileHashes)" [_thread_blocked, id=23368, stack(0x000000001f1b0000,0x000000001f2b0000)]
  0x000000001a2d8000 JavaThread "File lock request listener" [_thread_in_native, id=29076, stack(0x000000001f0b0000,0x000000001f1b0000)]
  0x000000001cfc9800 JavaThread "Cache worker for journal cache (C:\Users\ACER\.gradle\caches\journal-1)" [_thread_blocked, id=8824, stack(0x000000001efb0000,0x000000001f0b0000)]
  0x000000001b2e2000 JavaThread "Thread-9" [_thread_blocked, id=28504, stack(0x000000001ecb0000,0x000000001edb0000)]
  0x000000001cd88800 JavaThread "Stdin handler" [_thread_blocked, id=35656, stack(0x000000001ebb0000,0x000000001ecb0000)]
  0x000000001b54a800 JavaThread "Asynchronous log dispatcher for DefaultDaemonConnection: socket connection from /127.0.0.1:57717 to /127.0.0.1:57718" [_thread_blocked, id=34324, stack(0x000000001eab0000,0x000000001ebb0000)]
  0x000000001b4d8800 JavaThread "Daemon worker" [_thread_blocked, id=25720, stack(0x000000001e9b0000,0x000000001eab0000)]
  0x000000001b4d7800 JavaThread "Cancel handler" [_thread_blocked, id=15452, stack(0x000000001e8b0000,0x000000001e9b0000)]
  0x000000001cb6d800 JavaThread "Handler for socket connection from /127.0.0.1:57717 to /127.0.0.1:57718" [_thread_in_native, id=33756, stack(0x000000001e5b0000,0x000000001e6b0000)]
  0x000000001ccc4000 JavaThread "Daemon" [_thread_blocked, id=33040, stack(0x000000001e4b0000,0x000000001e5b0000)]
  0x000000001cc97000 JavaThread "Daemon periodic checks" [_thread_blocked, id=23648, stack(0x000000001e3b0000,0x000000001e4b0000)]
  0x000000001cc1d800 JavaThread "Incoming local TCP Connector on port 57717" [_thread_in_native, id=34932, stack(0x000000001e170000,0x000000001e270000)]
  0x000000001bd76800 JavaThread "Daemon health stats" [_thread_blocked, id=24852, stack(0x000000001db30000,0x000000001dc30000)]
  0x000000001a368000 JavaThread "Service Thread" daemon [_thread_blocked, id=2292, stack(0x000000001af90000,0x000000001b090000)]
  0x000000001a2da000 JavaThread "C1 CompilerThread3" daemon [_thread_blocked, id=28640, stack(0x000000001ae90000,0x000000001af90000)]
  0x000000001a2d9800 JavaThread "C2 CompilerThread2" daemon [_thread_in_native, id=26724, stack(0x000000001ad90000,0x000000001ae90000)]
  0x000000001a2bd800 JavaThread "C2 CompilerThread1" daemon [_thread_in_native, id=26944, stack(0x000000001ac90000,0x000000001ad90000)]
=>0x000000001a2b8800 JavaThread "C2 CompilerThread0" daemon [_thread_in_native, id=22488, stack(0x000000001ab90000,0x000000001ac90000)]
  0x000000001a2b8000 JavaThread "Attach Listener" daemon [_thread_blocked, id=11312, stack(0x000000001aa90000,0x000000001ab90000)]
  0x000000001a2b7000 JavaThread "Signal Dispatcher" daemon [_thread_blocked, id=30844, stack(0x000000001a990000,0x000000001aa90000)]
  0x000000001a2b1000 JavaThread "Finalizer" daemon [_thread_blocked, id=29816, stack(0x000000001a790000,0x000000001a890000)]
  0x000000001a2b0800 JavaThread "Reference Handler" daemon [_thread_blocked, id=34280, stack(0x000000001a690000,0x000000001a790000)]
  0x000000000345d800 JavaThread "main" [_thread_blocked, id=30208, stack(0x00000000031a0000,0x00000000032a0000)]

Other Threads:
  0x00000000184c8800 VMThread [stack: 0x000000001a190000,0x000000001a290000] [id=26548]
  0x000000001a369000 WatcherThread [stack: 0x000000001b090000,0x000000001b190000] [id=32532]

VM state:not at safepoint (normal execution)

VM Mutex/Monitor currently owned by a thread: None

heap address: 0x0000000080000000, size: 2048 MB, Compressed Oops mode: 32-bit
Narrow klass base: 0x0000000000000000, Narrow klass shift: 3
Compressed class space size: 1073741824 Address: 0x0000000100000000

Heap:
 PSYoungGen      total 278016K, used 19937K [0x00000000d5580000, 0x00000000e8100000, 0x0000000100000000)
  eden space 257536K, 7% used [0x00000000d5580000,0x00000000d68f8700,0x00000000e5100000)
  from space 20480K, 0% used [0x00000000e6d00000,0x00000000e6d00000,0x00000000e8100000)
  to   space 24576K, 0% used [0x00000000e5100000,0x00000000e5100000,0x00000000e6900000)
 ParOldGen       total 105984K, used 42243K [0x0000000080000000, 0x0000000086780000, 0x00000000d5580000)
  object space 105984K, 39% used [0x0000000080000000,0x0000000082940f28,0x0000000086780000)
 Metaspace       used 68341K, capacity 71356K, committed 72104K, reserved 1114112K
  class space    used 9352K, capacity 9945K, committed 10160K, reserved 1048576K

Card table byte_map: [0x0000000012820000,0x0000000012c30000] byte_map_base: 0x0000000012420000

Marking Bits: (ParMarkBitMap*) 0x0000000053b3f030
 Begin Bits: [0x00000000136e0000, 0x00000000156e0000)
 End Bits:   [0x00000000156e0000, 0x00000000176e0000)

Polling page: 0x0000000001960000

CodeCache: size=245760Kb used=24469Kb max_used=24469Kb free=221290Kb
 bounds [0x0000000003460000, 0x0000000004c70000, 0x0000000012460000]
 total_blobs=8431 nmethods=7626 adapters=718
 compilation: enabled

Compilation events (10 events):
Event: 29.386 Thread 0x000000001a2da000 nmethod 8867 0x0000000003d350d0 code [0x0000000003d35260, 0x0000000003d355d8]
Event: 29.386 Thread 0x000000001a2da000 8873   !   3       java.io.ObjectInputStream$BlockDataInputStream::refill (136 bytes)
Event: 29.387 Thread 0x000000001a2da000 nmethod 8873 0x0000000003d34710 code [0x0000000003d348c0, 0x0000000003d34e28]
Event: 29.387 Thread 0x000000001a2da000 8865       3       java.io.ObjectInputStream::checkResolve (86 bytes)
Event: 29.389 Thread 0x000000001a2da000 nmethod 8865 0x0000000003d33850 code [0x0000000003d33a40, 0x0000000003d34398]
Event: 29.389 Thread 0x000000001a2da000 8876       3       java.io.ObjectStreamClass::hasWriteObjectData (9 bytes)
Event: 29.389 Thread 0x000000001a2da000 nmethod 8876 0x0000000003d332d0 code [0x0000000003d33440, 0x0000000003d33708]
Event: 29.389 Thread 0x000000001a2da000 8874       3       java.io.SerialCallbackContext::<init> (22 bytes)
Event: 29.390 Thread 0x000000001a2da000 nmethod 8874 0x0000000003d32e90 code [0x0000000003d33000, 0x0000000003d33210]
Event: 29.390 Thread 0x000000001a2da000 8870   !   3       java.io.ObjectInputStream$BlockDataInputStream::readBlockHeader (249 bytes)

GC Heap History (10 events):
Event: 18.013 GC heap before
{Heap before GC invocations=12 (full 2):
 PSYoungGen      total 185856K, used 164645K [0x00000000d5580000, 0x00000000e4c80000, 0x0000000100000000)
  eden space 172032K, 87% used [0x00000000d5580000,0x00000000de8d0ae8,0x00000000dfd80000)
  from space 13824K, 99% used [0x00000000dfd80000,0x00000000e0af8a48,0x00000000e0b00000)
  to   space 15872K, 0% used [0x00000000e3d00000,0x00000000e3d00000,0x00000000e4c80000)
 ParOldGen       total 66560K, used 15952K [0x0000000080000000, 0x0000000084100000, 0x00000000d5580000)
  object space 66560K, 23% used [0x0000000080000000,0x0000000080f94100,0x0000000084100000)
 Metaspace       used 56677K, capacity 59004K, committed 59160K, reserved 1099776K
  class space    used 7771K, capacity 8271K, committed 8368K, reserved 1048576K
Event: 18.076 GC heap after
Heap after GC invocations=12 (full 2):
 PSYoungGen      total 231424K, used 15852K [0x00000000d5580000, 0x00000000e5680000, 0x0000000100000000)
  eden space 215552K, 0% used [0x00000000d5580000,0x00000000d5580000,0x00000000e2800000)
  from space 15872K, 99% used [0x00000000e3d00000,0x00000000e4c7b310,0x00000000e4c80000)
  to   space 21504K, 0% used [0x00000000e2800000,0x00000000e2800000,0x00000000e3d00000)
 ParOldGen       total 66560K, used 24772K [0x0000000080000000, 0x0000000084100000, 0x00000000d5580000)
  object space 66560K, 37% used [0x0000000080000000,0x0000000081831200,0x0000000084100000)
 Metaspace       used 56677K, capacity 59004K, committed 59160K, reserved 1099776K
  class space    used 7771K, capacity 8271K, committed 8368K, reserved 1048576K
}
Event: 18.076 GC heap before
{Heap before GC invocations=13 (full 3):
 PSYoungGen      total 231424K, used 15852K [0x00000000d5580000, 0x00000000e5680000, 0x0000000100000000)
  eden space 215552K, 0% used [0x00000000d5580000,0x00000000d5580000,0x00000000e2800000)
  from space 15872K, 99% used [0x00000000e3d00000,0x00000000e4c7b310,0x00000000e4c80000)
  to   space 21504K, 0% used [0x00000000e2800000,0x00000000e2800000,0x00000000e3d00000)
 ParOldGen       total 66560K, used 24772K [0x0000000080000000, 0x0000000084100000, 0x00000000d5580000)
  object space 66560K, 37% used [0x0000000080000000,0x0000000081831200,0x0000000084100000)
 Metaspace       used 56677K, capacity 59004K, committed 59160K, reserved 1099776K
  class space    used 7771K, capacity 8271K, committed 8368K, reserved 1048576K
Event: 18.453 GC heap after
Heap after GC invocations=13 (full 3):
 PSYoungGen      total 231424K, used 0K [0x00000000d5580000, 0x00000000e5680000, 0x0000000100000000)
  eden space 215552K, 0% used [0x00000000d5580000,0x00000000d5580000,0x00000000e2800000)
  from space 15872K, 0% used [0x00000000e3d00000,0x00000000e3d00000,0x00000000e4c80000)
  to   space 21504K, 0% used [0x00000000e2800000,0x00000000e2800000,0x00000000e3d00000)
 ParOldGen       total 105984K, used 36422K [0x0000000080000000, 0x0000000086780000, 0x00000000d5580000)
  object space 105984K, 34% used [0x0000000080000000,0x00000000823918c8,0x0000000086780000)
 Metaspace       used 56650K, capacity 58914K, committed 59160K, reserved 1099776K
  class space    used 7763K, capacity 8256K, committed 8368K, reserved 1048576K
}
Event: 24.547 GC heap before
{Heap before GC invocations=14 (full 3):
 PSYoungGen      total 231424K, used 215552K [0x00000000d5580000, 0x00000000e5680000, 0x0000000100000000)
  eden space 215552K, 100% used [0x00000000d5580000,0x00000000e2800000,0x00000000e2800000)
  from space 15872K, 0% used [0x00000000e3d00000,0x00000000e3d00000,0x00000000e4c80000)
  to   space 21504K, 0% used [0x00000000e2800000,0x00000000e2800000,0x00000000e3d00000)
 ParOldGen       total 105984K, used 36422K [0x0000000080000000, 0x0000000086780000, 0x00000000d5580000)
  object space 105984K, 34% used [0x0000000080000000,0x00000000823918c8,0x0000000086780000)
 Metaspace       used 64978K, capacity 68182K, committed 68264K, reserved 1107968K
  class space    used 8975K, capacity 9578K, committed 9648K, reserved 1048576K
Event: 24.612 GC heap after
Heap after GC invocations=14 (full 3):
 PSYoungGen      total 237056K, used 21487K [0x00000000d5580000, 0x00000000e8580000, 0x0000000100000000)
  eden space 215552K, 0% used [0x00000000d5580000,0x00000000d5580000,0x00000000e2800000)
  from space 21504K, 99% used [0x00000000e2800000,0x00000000e3cfbfa0,0x00000000e3d00000)
  to   space 25088K, 0% used [0x00000000e6d00000,0x00000000e6d00000,0x00000000e8580000)
 ParOldGen       total 105984K, used 37724K [0x0000000080000000, 0x0000000086780000, 0x00000000d5580000)
  object space 105984K, 35% used [0x0000000080000000,0x00000000824d71b0,0x0000000086780000)
 Metaspace       used 64978K, capacity 68182K, committed 68264K, reserved 1107968K
  class space    used 8975K, capacity 9578K, committed 9648K, reserved 1048576K
}
Event: 27.462 GC heap before
{Heap before GC invocations=15 (full 3):
 PSYoungGen      total 237056K, used 102566K [0x00000000d5580000, 0x00000000e8580000, 0x0000000100000000)
  eden space 215552K, 37% used [0x00000000d5580000,0x00000000da4adc50,0x00000000e2800000)
  from space 21504K, 99% used [0x00000000e2800000,0x00000000e3cfbfa0,0x00000000e3d00000)
  to   space 25088K, 0% used [0x00000000e6d00000,0x00000000e6d00000,0x00000000e8580000)
 ParOldGen       total 105984K, used 37724K [0x0000000080000000, 0x0000000086780000, 0x00000000d5580000)
  object space 105984K, 35% used [0x0000000080000000,0x00000000824d71b0,0x0000000086780000)
 Metaspace       used 67715K, capacity 71072K, committed 71208K, reserved 1116160K
  class space    used 9334K, capacity 9955K, committed 10032K, reserved 1048576K
Event: 27.490 GC heap after
Heap after GC invocations=15 (full 3):
 PSYoungGen      total 278016K, used 6859K [0x00000000d5580000, 0x00000000e8100000, 0x0000000100000000)
  eden space 257536K, 0% used [0x00000000d5580000,0x00000000d5580000,0x00000000e5100000)
  from space 20480K, 33% used [0x00000000e6d00000,0x00000000e73b2ee8,0x00000000e8100000)
  to   space 24576K, 0% used [0x00000000e5100000,0x00000000e5100000,0x00000000e6900000)
 ParOldGen       total 105984K, used 45436K [0x0000000080000000, 0x0000000086780000, 0x00000000d5580000)
  object space 105984K, 42% used [0x0000000080000000,0x0000000082c5f008,0x0000000086780000)
 Metaspace       used 67715K, capacity 71072K, committed 71208K, reserved 1116160K
  class space    used 9334K, capacity 9955K, committed 10032K, reserved 1048576K
}
Event: 27.490 GC heap before
{Heap before GC invocations=16 (full 4):
 PSYoungGen      total 278016K, used 6859K [0x00000000d5580000, 0x00000000e8100000, 0x0000000100000000)
  eden space 257536K, 0% used [0x00000000d5580000,0x00000000d5580000,0x00000000e5100000)
  from space 20480K, 33% used [0x00000000e6d00000,0x00000000e73b2ee8,0x00000000e8100000)
  to   space 24576K, 0% used [0x00000000e5100000,0x00000000e5100000,0x00000000e6900000)
 ParOldGen       total 105984K, used 45436K [0x0000000080000000, 0x0000000086780000, 0x00000000d5580000)
  object space 105984K, 42% used [0x0000000080000000,0x0000000082c5f008,0x0000000086780000)
 Metaspace       used 67715K, capacity 71072K, committed 71208K, reserved 1116160K
  class space    used 9334K, capacity 9955K, committed 10032K, reserved 1048576K
Event: 29.016 GC heap after
Heap after GC invocations=16 (full 4):
 PSYoungGen      total 278016K, used 0K [0x00000000d5580000, 0x00000000e8100000, 0x0000000100000000)
  eden space 257536K, 0% used [0x00000000d5580000,0x00000000d5580000,0x00000000e5100000)
  from space 20480K, 0% used [0x00000000e6d00000,0x00000000e6d00000,0x00000000e8100000)
  to   space 24576K, 0% used [0x00000000e5100000,0x00000000e5100000,0x00000000e6900000)
 ParOldGen       total 105984K, used 42243K [0x0000000080000000, 0x0000000086780000, 0x00000000d5580000)
  object space 105984K, 39% used [0x0000000080000000,0x0000000082940f28,0x0000000086780000)
 Metaspace       used 67493K, capacity 70472K, committed 71208K, reserved 1114112K
  class space    used 9266K, capacity 9835K, committed 10032K, reserved 1048576K
}

Deoptimization events (10 events):
Event: 25.741 Thread 0x000000001b8ba000 Uncommon trap: reason=predicate action=maybe_recompile pc=0x0000000003accc80 method=java.util.Collections.indexedBinarySearch(Ljava/util/List;Ljava/lang/Object;)I @ 16
Event: 25.743 Thread 0x000000001b8ba000 Uncommon trap: reason=unstable_if action=reinterpret pc=0x0000000003b2dfac method=org.gradle.internal.io.StreamByteBuffer.prepareRead()I @ 30
Event: 25.747 Thread 0x000000001b8ba000 Uncommon trap: reason=unstable_if action=reinterpret pc=0x00000000038c5b44 method=java.io.BufferedOutputStream.write([BII)V @ 6
Event: 26.118 Thread 0x000000001bb25800 Uncommon trap: reason=bimorphic action=maybe_recompile pc=0x00000000048ef704 method=org.gradle.internal.Try$Success.map(Ljava/util/function/Function;)Lorg/gradle/internal/Try; @ 5
Event: 26.653 Thread 0x000000001bb2c800 Uncommon trap: reason=bimorphic action=maybe_recompile pc=0x0000000003f09eb8 method=com.google.common.collect.ImmutableList.hashCode()I @ 23
Event: 26.654 Thread 0x000000001bb2c800 Uncommon trap: reason=bimorphic action=maybe_recompile pc=0x0000000003f09eb8 method=com.google.common.collect.ImmutableList.hashCode()I @ 23
Event: 26.654 Thread 0x000000001bb2c800 Uncommon trap: reason=bimorphic action=maybe_recompile pc=0x0000000003f09eb8 method=com.google.common.collect.ImmutableList.hashCode()I @ 23
Event: 26.654 Thread 0x000000001bb2c800 Uncommon trap: reason=bimorphic action=maybe_recompile pc=0x0000000003f09eb8 method=com.google.common.collect.ImmutableList.hashCode()I @ 23
Event: 27.039 Thread 0x000000001bb2c800 Uncommon trap: reason=unstable_if action=reinterpret pc=0x00000000043e23bc method=java.lang.CharacterDataLatin1.isJavaIdentifierPart(I)Z @ 11
Event: 29.343 Thread 0x000000001bb2c800 Uncommon trap: reason=unstable_if action=reinterpret pc=0x000000000399f078 method=java.io.ObjectOutputStream$BlockDataOutputStream.writeBytes(Ljava/lang/String;)V @ 22

Classes redefined (0 events):
No events

Internal exceptions (10 events):
Event: 25.403 Thread 0x000000001bb2d000 Exception <a 'java/lang/NoSuchMethodError': <clinit>> (0x00000000d610b360) thrown at [C:\src\AOSP-openjdk-git\hotspot\src\share\vm\prims\jni.cpp, line 1615]
Event: 26.294 Thread 0x000000001bb2c800 Exception <a 'java/lang/NoSuchMethodError': <clinit>> (0x00000000d6dc8e18) thrown at [C:\src\AOSP-openjdk-git\hotspot\src\share\vm\prims\jni.cpp, line 1615]
Event: 26.295 Thread 0x000000001bb2c800 Exception <a 'java/lang/NoSuchMethodError': <clinit>> (0x00000000d6dca790) thrown at [C:\src\AOSP-openjdk-git\hotspot\src\share\vm\prims\jni.cpp, line 1615]
Event: 26.297 Thread 0x000000001bb2c800 Exception <a 'java/lang/NoSuchMethodError': <clinit>> (0x00000000d6dd08c8) thrown at [C:\src\AOSP-openjdk-git\hotspot\src\share\vm\prims\jni.cpp, line 1615]
Event: 26.301 Thread 0x000000001bb2c800 Exception <a 'java/lang/NoSuchMethodError': <clinit>> (0x00000000d6de5790) thrown at [C:\src\AOSP-openjdk-git\hotspot\src\share\vm\prims\jni.cpp, line 1615]
Event: 26.302 Thread 0x000000001bb2c800 Exception <a 'java/lang/NoSuchMethodError': <clinit>> (0x00000000d6de6ab0) thrown at [C:\src\AOSP-openjdk-git\hotspot\src\share\vm\prims\jni.cpp, line 1615]
Event: 26.831 Thread 0x000000001bb2c800 Exception <a 'java/lang/NoSuchMethodError': java.lang.Object.lambda$comparingByKey$bbdbfea9$1(Ljava/util/Map$Entry;Ljava/util/Map$Entry;)I> (0x00000000d83be458) thrown at [C:\src\AOSP-openjdk-git\hotspot\src\share\vm\interpreter\linkResolver.cpp, line 620
Event: 29.342 Thread 0x000000001bb2c800 Exception <a 'java/lang/NoSuchMethodError': <clinit>> (0x00000000d6641ac8) thrown at [C:\src\AOSP-openjdk-git\hotspot\src\share\vm\prims\jni.cpp, line 1615]
Event: 29.345 Thread 0x000000001bb2c800 Exception <a 'java/lang/NoSuchMethodError': <clinit>> (0x00000000d6660870) thrown at [C:\src\AOSP-openjdk-git\hotspot\src\share\vm\prims\jni.cpp, line 1615]
Event: 29.377 Thread 0x000000001bb2c800 Exception <a 'java/lang/NoSuchMethodError': <clinit>> (0x00000000d6717eb0) thrown at [C:\src\AOSP-openjdk-git\hotspot\src\share\vm\prims\jni.cpp, line 1615]

Events (10 events):
Event: 29.352 loading class com/google/common/collect/ImmutableList$SerializedForm done
Event: 29.371 loading class com/google/common/collect/ImmutableSet$SerializedForm
Event: 29.371 loading class com/google/common/collect/ImmutableSet$SerializedForm done
Event: 29.380 Thread 0x000000001b8bf800 Thread added: 0x000000001b8bf800
Event: 29.388 loading class kotlin/collections/EmptySet
Event: 29.388 loading class kotlin/collections/EmptySet done
Event: 29.390 loading class kotlin/collections/EmptyList
Event: 29.390 loading class kotlin/collections/EmptyList done
Event: 29.391 loading class com/android/ide/common/process/ProcessException
Event: 29.391 loading class com/android/ide/common/process/ProcessException done


Dynamic libraries:
0x00007ff7de260000 - 0x00007ff7de291000 	C:\Program Files\Android\Android Studio\jre\bin\java.exe
0x00007ff8b0c50000 - 0x00007ff8b0e46000 	C:\WINDOWS\SYSTEM32\ntdll.dll
0x00007ff8b0960000 - 0x00007ff8b0a1d000 	C:\WINDOWS\System32\KERNEL32.DLL
0x00007ff8ae4d0000 - 0x00007ff8ae799000 	C:\WINDOWS\System32\KERNELBASE.dll
0x00007ff8b0190000 - 0x00007ff8b023c000 	C:\WINDOWS\System32\ADVAPI32.dll
0x00007ff8b0ac0000 - 0x00007ff8b0b5e000 	C:\WINDOWS\System32\msvcrt.dll
0x00007ff8b0720000 - 0x00007ff8b07bc000 	C:\WINDOWS\System32\sechost.dll
0x00007ff8aed70000 - 0x00007ff8aee9b000 	C:\WINDOWS\System32\RPCRT4.dll
0x00007ff8b07c0000 - 0x00007ff8b0960000 	C:\WINDOWS\System32\USER32.dll
0x00007ff8ae390000 - 0x00007ff8ae3b2000 	C:\WINDOWS\System32\win32u.dll
0x00007ff8b0a90000 - 0x00007ff8b0aba000 	C:\WINDOWS\System32\GDI32.dll
0x00007ff8ae3c0000 - 0x00007ff8ae4c9000 	C:\WINDOWS\System32\gdi32full.dll
0x00007ff8ae7a0000 - 0x00007ff8ae83d000 	C:\WINDOWS\System32\msvcp_win.dll
0x00007ff8aebb0000 - 0x00007ff8aecb0000 	C:\WINDOWS\System32\ucrtbase.dll
0x00007ff896f70000 - 0x00007ff89720b000 	C:\WINDOWS\WinSxS\amd64_microsoft.windows.common-controls_6595b64144ccf1df_6.0.19041.488_none_ca04af081b815d21\COMCTL32.dll
0x00007ff8aecb0000 - 0x00007ff8aece0000 	C:\WINDOWS\System32\IMM32.DLL
0x0000000054020000 - 0x00000000540f2000 	C:\Program Files\Android\Android Studio\jre\jre\bin\msvcr100.dll
0x0000000053370000 - 0x0000000053bbb000 	C:\Program Files\Android\Android Studio\jre\jre\bin\server\jvm.dll
0x00007ff8b0a20000 - 0x00007ff8b0a28000 	C:\WINDOWS\System32\PSAPI.DLL
0x00007ff8996e0000 - 0x00007ff899707000 	C:\WINDOWS\SYSTEM32\WINMM.dll
0x00007ff8a7d80000 - 0x00007ff8a7d8a000 	C:\WINDOWS\SYSTEM32\VERSION.dll
0x00007ff8a9cb0000 - 0x00007ff8a9cb9000 	C:\WINDOWS\SYSTEM32\WSOCK32.dll
0x00007ff8af940000 - 0x00007ff8af9ab000 	C:\WINDOWS\System32\WS2_32.dll
0x00007ff8a9ab0000 - 0x00007ff8a9abf000 	C:\Program Files\Android\Android Studio\jre\jre\bin\verify.dll
0x00007ff8a9110000 - 0x00007ff8a9139000 	C:\Program Files\Android\Android Studio\jre\jre\bin\java.dll
0x00007ff8a8e70000 - 0x00007ff8a8e86000 	C:\Program Files\Android\Android Studio\jre\jre\bin\zip.dll
0x00007ff8af9b0000 - 0x00007ff8b00f2000 	C:\WINDOWS\System32\SHELL32.dll
0x00007ff8ac200000 - 0x00007ff8ac995000 	C:\WINDOWS\SYSTEM32\windows.storage.dll
0x00007ff8af4a0000 - 0x00007ff8af7f6000 	C:\WINDOWS\System32\combase.dll
0x00007ff8ade00000 - 0x00007ff8ade2c000 	C:\WINDOWS\SYSTEM32\Wldp.dll
0x00007ff8af890000 - 0x00007ff8af93e000 	C:\WINDOWS\System32\SHCORE.dll
0x00007ff8b0a30000 - 0x00007ff8b0a85000 	C:\WINDOWS\System32\shlwapi.dll
0x00007ff8ae2c0000 - 0x00007ff8ae2e6000 	C:\WINDOWS\SYSTEM32\profapi.dll
0x00007ff8a8e50000 - 0x00007ff8a8e6a000 	C:\Program Files\Android\Android Studio\jre\jre\bin\net.dll
0x00007ff8adb10000 - 0x00007ff8adb7a000 	C:\WINDOWS\system32\mswsock.dll
0x00007ff8a67e0000 - 0x00007ff8a67f3000 	C:\Program Files\Android\Android Studio\jre\jre\bin\nio.dll
0x00007ff89d800000 - 0x00007ff89d827000 	C:\Users\ACER\.gradle\native\f6784746aeab05261644944871eae4fe03e0ef1612fff0a4a95f87b438bc6780\windows-amd64\native-platform.dll
0x00007ff8a9a20000 - 0x00007ff8a9a2d000 	C:\Program Files\Android\Android Studio\jre\jre\bin\management.dll
0x00007ff8adce0000 - 0x00007ff8adcf8000 	C:\WINDOWS\SYSTEM32\CRYPTSP.dll
0x00007ff8ad4a0000 - 0x00007ff8ad4d4000 	C:\WINDOWS\system32\rsaenh.dll
0x00007ff8aeb80000 - 0x00007ff8aeba7000 	C:\WINDOWS\System32\bcrypt.dll
0x00007ff8ae280000 - 0x00007ff8ae2ae000 	C:\WINDOWS\SYSTEM32\USERENV.dll
0x00007ff8ae8f0000 - 0x00007ff8ae970000 	C:\WINDOWS\System32\bcryptprimitives.dll
0x00007ff8add00000 - 0x00007ff8add0c000 	C:\WINDOWS\SYSTEM32\CRYPTBASE.dll
0x00007ff8ad800000 - 0x00007ff8ad83b000 	C:\WINDOWS\SYSTEM32\IPHLPAPI.DLL
0x00007ff8aed60000 - 0x00007ff8aed68000 	C:\WINDOWS\System32\NSI.dll
0x00007ff8a7a20000 - 0x00007ff8a7a37000 	C:\WINDOWS\SYSTEM32\dhcpcsvc6.DLL
0x00007ff8a7aa0000 - 0x00007ff8a7abd000 	C:\WINDOWS\SYSTEM32\dhcpcsvc.DLL
0x00007ff8ad840000 - 0x00007ff8ad90b000 	C:\WINDOWS\SYSTEM32\DNSAPI.dll
0x00007ff8a7d90000 - 0x00007ff8a7d9b000 	C:\WINDOWS\SYSTEM32\WINNSI.DLL

VM Arguments:
jvm_args: -Xmx2048m -Dfile.encoding=UTF-8 -Duser.country=IN -Duser.language=en -Duser.variant 
java_command: org.gradle.launcher.daemon.bootstrap.GradleDaemon 6.5
java_class_path (initial): C:\Users\ACER\.gradle\wrapper\dists\gradle-6.5-bin\6nifqtx7604sqp1q6g8wikw7p\gradle-6.5\lib\gradle-launcher-6.5.jar
Launcher Type: SUN_STANDARD

Environment Variables:
PATH=C:\Program Files\Common Files\Oracle\Java\javapath;C:\Windows\system32;C:\Windows;C:\Windows\System32\Wbem;C:\Windows\System32\WindowsPowerShell\v1.0\;C:\Windows\System32\OpenSSH\;C:\Program Files (x86)\NVIDIA Corporation\PhysX\Common;C:\Program Files\NVIDIA Corporation\NVIDIA NvDLISR;C:\WINDOWS\system32;C:\WINDOWS;C:\WINDOWS\System32\Wbem;C:\WINDOWS\System32\WindowsPowerShell\v1.0\;C:\WINDOWS\System32\OpenSSH\;C:\Program Files\Git\cmd;C:\Users\ACER\AppData\Local\Microsoft\WindowsApps;
USERNAME=ACER
OS=Windows_NT
PROCESSOR_IDENTIFIER=AMD64 Family 23 Model 24 Stepping 1, AuthenticAMD



---------------  S Y S T E M  ---------------

OS: Windows 10.0 , 64 bit Build 19041 (10.0.19041.662)

CPU:total 8 (initial active 8) (8 cores per cpu, 1 threads per core) family 23 model 24 stepping 1, cmov, cx8, fxsr, mmx, sse, sse2, sse3, ssse3, sse4.1, sse4.2, popcnt, avx, avx2, aes, clmul, mmxext, 3dnowpref, lzcnt, sse4a, tsc, tscinvbit, tscinv, bmi1

Memory: 4k page, physical 6228620k(225488k free), swap 25102988k(1188k free)

vm_info: OpenJDK 64-Bit Server VM (25.242-b01) for windows-amd64 JRE (1.8.0_242-release-1644-b01), built by "builder" with MS VC++ 10.0 (VS2010)

time: Mon Feb 01 12:19:50 2021
timezone: India Standard Time
elapsed time: 29 seconds (0d 0h 0m 29s)

