#
# There is insufficient memory for the Java Runtime Environment to continue.
# Native memory allocation (malloc) failed to allocate 794736 bytes for Chunk::new
# Possible reasons:
#   The system is out of physical RAM or swap space
#   The process is running with CompressedOops enabled, and the Java Heap may be blocking the growth of the native heap
# Possible solutions:
#   Reduce memory load on the system
#   Increase physical memory or swap space
#   Check if swap backing store is full
#   Decrease Java heap size (-Xmx/-Xms)
#   Decrease number of Java threads
#   Decrease Java thread stack sizes (-Xss)
#   Set larger code cache with -XX:ReservedCodeCacheSize=
#   JVM is running with Unscaled Compressed Oops mode in which the Java heap is
#     placed in the first 4GB address space. The Java Heap base address is the
#     maximum limit for the native heap growth. Please use -XX:HeapBaseMinAddress
#     to set the Java Heap base and to place the Java Heap above 4GB virtual address.
# This output file may be truncated or incomplete.
#
#  Out of Memory Error (allocation.cpp:389), pid=35784, tid=0x00000000000007c8
#
# JRE version: OpenJDK Runtime Environment (8.0_242-b01) (build 1.8.0_242-release-1644-b01)
# Java VM: OpenJDK 64-Bit Server VM (25.242-b01 mixed mode windows-amd64 compressed oops)
# Failed to write core dump. Minidumps are not enabled by default on client versions of Windows
#

---------------  T H R E A D  ---------------

Current thread (0x0000000019b62800):  JavaThread "C2 CompilerThread0" daemon [_thread_in_native, id=1992, stack(0x000000001a430000,0x000000001a530000)]

Stack: [0x000000001a430000,0x000000001a530000]
[error occurred during error reporting (printing stack bounds), id 0xc0000005]

Native frames: (J=compiled Java code, j=interpreted, Vv=VM code, C=native code)


Current CompileTask:
C2:   4660 1476       4       java.net.URLClassLoader$1::run (5 bytes)


---------------  P R O C E S S  ---------------

Java Threads: ( => current thread )
  0x000000001c5b7800 JavaThread "File lock request listener" [_thread_in_native, id=28012, stack(0x000000001e950000,0x000000001ea50000)]
  0x000000001b6b5000 JavaThread "Cache worker for journal cache (C:\Users\ACER\.gradle\caches\journal-1)" [_thread_blocked, id=33140, stack(0x000000001e850000,0x000000001e950000)]
  0x000000001c4bf000 JavaThread "Thread-9" [_thread_blocked, id=32420, stack(0x000000001e550000,0x000000001e650000)]
  0x000000001be92000 JavaThread "Stdin handler" [_thread_blocked, id=20096, stack(0x000000001e450000,0x000000001e550000)]
  0x000000001be91000 JavaThread "Asynchronous log dispatcher for DefaultDaemonConnection: socket connection from /127.0.0.1:61828 to /127.0.0.1:61830" [_thread_blocked, id=35716, stack(0x000000001e350000,0x000000001e450000)]
  0x000000001c4e1000 JavaThread "Daemon worker" [_thread_in_vm, id=36504, stack(0x000000001e250000,0x000000001e350000)]
  0x000000001c4e0000 JavaThread "Cancel handler" [_thread_blocked, id=36740, stack(0x000000001e150000,0x000000001e250000)]
  0x000000001c479800 JavaThread "Handler for socket connection from /127.0.0.1:61828 to /127.0.0.1:61830" [_thread_in_native, id=17848, stack(0x000000001e050000,0x000000001e150000)]
  0x000000001c474800 JavaThread "Daemon" [_thread_blocked, id=31452, stack(0x000000001dd50000,0x000000001de50000)]
  0x000000001c458800 JavaThread "Daemon periodic checks" [_thread_blocked, id=39252, stack(0x000000001dc50000,0x000000001dd50000)]
  0x000000001c36b000 JavaThread "Incoming local TCP Connector on port 61828" [_thread_in_native, id=18232, stack(0x000000001da10000,0x000000001db10000)]
  0x000000001c401800 JavaThread "Daemon health stats" [_thread_blocked, id=3732, stack(0x000000001d3d0000,0x000000001d4d0000)]
  0x0000000019bfa000 JavaThread "Service Thread" daemon [_thread_blocked, id=1120, stack(0x000000001a830000,0x000000001a930000)]
  0x0000000019b71800 JavaThread "C1 CompilerThread3" daemon [_thread_blocked, id=38960, stack(0x000000001a730000,0x000000001a830000)]
  0x0000000019b67000 JavaThread "C2 CompilerThread2" daemon [_thread_blocked, id=8080, stack(0x000000001a630000,0x000000001a730000)]
  0x0000000017d5b000 JavaThread "C2 CompilerThread1" daemon [_thread_blocked, id=34332, stack(0x000000001a530000,0x000000001a630000)]
=>0x0000000019b62800 JavaThread "C2 CompilerThread0" daemon [_thread_in_native, id=1992, stack(0x000000001a430000,0x000000001a530000)]
  0x0000000019b62000 JavaThread "Attach Listener" daemon [_thread_blocked, id=30864, stack(0x000000001a330000,0x000000001a430000)]
  0x0000000019b65800 JavaThread "Signal Dispatcher" daemon [_thread_blocked, id=35472, stack(0x000000001a230000,0x000000001a330000)]
  0x0000000002cdd800 JavaThread "Finalizer" daemon [_thread_blocked, id=10752, stack(0x000000001a030000,0x000000001a130000)]
  0x0000000017d4c800 JavaThread "Reference Handler" daemon [_thread_blocked, id=12372, stack(0x0000000019f30000,0x000000001a030000)]
  0x0000000002bce000 JavaThread "main" [_thread_blocked, id=35936, stack(0x0000000002a70000,0x0000000002b70000)]

Other Threads:
  0x0000000017d47800 VMThread [stack: 0x0000000019a30000,0x0000000019b30000] [id=33688]
  0x0000000019bfb000 WatcherThread [stack: 0x000000001a930000,0x000000001aa30000] [id=39604]

VM state:not at safepoint (normal execution)

VM Mutex/Monitor currently owned by a thread: None

OutOfMemory and StackOverflow Exception counts:
OutOfMemoryError java_heap_errors=3

heap address: 0x0000000080000000, size: 2048 MB, Compressed Oops mode: 32-bit
Narrow klass base: 0x0000000000000000, Narrow klass shift: 3
Compressed class space size: 1073741824 Address: 0x0000000100000000

Heap:
 PSYoungGen      total 53248K, used 39007K [0x00000000d5580000, 0x00000000d8d80000, 0x0000000100000000)
  eden space 49152K, 71% used [0x00000000d5580000,0x00000000d779bfa8,0x00000000d8580000)
  from space 4096K, 99% used [0x00000000d8980000,0x00000000d8d7c010,0x00000000d8d80000)
  to   space 4096K, 0% used [0x00000000d8580000,0x00000000d8580000,0x00000000d8980000)
 ParOldGen       total 65536K, used 1831K [0x0000000080000000, 0x0000000084000000, 0x00000000d5580000)
  object space 65536K, 2% used [0x0000000080000000,0x00000000801c9c08,0x0000000084000000)
 Metaspace       used 14875K, capacity 15386K, committed 15616K, reserved 1064960K
  class space    used 2041K, capacity 2187K, committed 2304K, reserved 1048576K

Card table byte_map: [0x00000000120a0000,0x00000000124b0000] byte_map_base: 0x0000000011ca0000

Marking Bits: (ParMarkBitMap*) 0x0000000052a2f030
 Begin Bits: [0x0000000012f60000, 0x0000000014f60000)
 End Bits:   [0x0000000014f60000, 0x0000000016f60000)

Polling page: 0x0000000001200000

CodeCache: size=245760Kb used=5234Kb max_used=5245Kb free=240526Kb
 bounds [0x0000000002ce0000, 0x0000000003210000, 0x0000000011ce0000]
 total_blobs=1864 nmethods=1482 adapters=296
 compilation: enabled

Compilation events (10 events):
Event: 4.617 Thread 0x0000000019b67000 nmethod 1480 0x00000000031f7e90 code [0x00000000031f7fe0, 0x00000000031f80d8]
Event: 4.649 Thread 0x0000000019b71800 1481       3       java.util.concurrent.locks.AbstractQueuedSynchronizer::setState (6 bytes)
Event: 4.650 Thread 0x0000000019b71800 nmethod 1481 0x00000000031f7b90 code [0x00000000031f7ce0, 0x00000000031f7e30]
Event: 4.650 Thread 0x0000000019b71800 1483       3       java.util.concurrent.locks.AbstractQueuedSynchronizer::compareAndSetState (13 bytes)
Event: 4.650 Thread 0x0000000019b71800 nmethod 1483 0x00000000031fa3d0 code [0x00000000031fa520, 0x00000000031fa690]
Event: 4.650 Thread 0x0000000019b71800 1482       3       java.util.concurrent.locks.AbstractQueuedSynchronizer::release (33 bytes)
Event: 4.650 Thread 0x0000000019b71800 nmethod 1482 0x00000000031f9e50 code [0x00000000031f9fc0, 0x00000000031fa2d8]
Event: 4.650 Thread 0x0000000019b71800 1484       3       java.util.concurrent.locks.ReentrantLock$Sync::tryRelease (45 bytes)
Event: 4.651 Thread 0x0000000019b71800 nmethod 1484 0x00000000031f95d0 code [0x00000000031f9760, 0x00000000031f9d08]
Event: 4.653 Thread 0x0000000017d5b000 1485       4       java.util.jar.Attributes$Name::hashCode (24 bytes)

GC Heap History (8 events):
Event: 0.941 GC heap before
{Heap before GC invocations=1 (full 0):
 PSYoungGen      total 28672K, used 24576K [0x00000000d5580000, 0x00000000d7580000, 0x0000000100000000)
  eden space 24576K, 100% used [0x00000000d5580000,0x00000000d6d80000,0x00000000d6d80000)
  from space 4096K, 0% used [0x00000000d7180000,0x00000000d7180000,0x00000000d7580000)
  to   space 4096K, 0% used [0x00000000d6d80000,0x00000000d6d80000,0x00000000d7180000)
 ParOldGen       total 65536K, used 0K [0x0000000080000000, 0x0000000084000000, 0x00000000d5580000)
  object space 65536K, 0% used [0x0000000080000000,0x0000000080000000,0x0000000084000000)
 Metaspace       used 6881K, capacity 7160K, committed 7424K, reserved 1056768K
  class space    used 850K, capacity 940K, committed 1024K, reserved 1048576K
Event: 0.948 GC heap after
Heap after GC invocations=1 (full 0):
 PSYoungGen      total 28672K, used 3509K [0x00000000d5580000, 0x00000000d7580000, 0x0000000100000000)
  eden space 24576K, 0% used [0x00000000d5580000,0x00000000d5580000,0x00000000d6d80000)
  from space 4096K, 85% used [0x00000000d6d80000,0x00000000d70ed728,0x00000000d7180000)
  to   space 4096K, 0% used [0x00000000d7180000,0x00000000d7180000,0x00000000d7580000)
 ParOldGen       total 65536K, used 16K [0x0000000080000000, 0x0000000084000000, 0x00000000d5580000)
  object space 65536K, 0% used [0x0000000080000000,0x0000000080004000,0x0000000084000000)
 Metaspace       used 6881K, capacity 7160K, committed 7424K, reserved 1056768K
  class space    used 850K, capacity 940K, committed 1024K, reserved 1048576K
}
Event: 1.439 GC heap before
{Heap before GC invocations=2 (full 0):
 PSYoungGen      total 28672K, used 28085K [0x00000000d5580000, 0x00000000d7580000, 0x0000000100000000)
  eden space 24576K, 100% used [0x00000000d5580000,0x00000000d6d80000,0x00000000d6d80000)
  from space 4096K, 85% used [0x00000000d6d80000,0x00000000d70ed728,0x00000000d7180000)
  to   space 4096K, 0% used [0x00000000d7180000,0x00000000d7180000,0x00000000d7580000)
 ParOldGen       total 65536K, used 16K [0x0000000080000000, 0x0000000084000000, 0x00000000d5580000)
  object space 65536K, 0% used [0x0000000080000000,0x0000000080004000,0x0000000084000000)
 Metaspace       used 7566K, capacity 7838K, committed 8064K, reserved 1056768K
  class space    used 929K, capacity 1037K, committed 1152K, reserved 1048576K
Event: 1.446 GC heap after
Heap after GC invocations=2 (full 0):
 PSYoungGen      total 28672K, used 3150K [0x00000000d5580000, 0x00000000d7580000, 0x0000000100000000)
  eden space 24576K, 0% used [0x00000000d5580000,0x00000000d5580000,0x00000000d6d80000)
  from space 4096K, 76% used [0x00000000d7180000,0x00000000d7493ae0,0x00000000d7580000)
  to   space 4096K, 0% used [0x00000000d6d80000,0x00000000d6d80000,0x00000000d7180000)
 ParOldGen       total 65536K, used 24K [0x0000000080000000, 0x0000000084000000, 0x00000000d5580000)
  object space 65536K, 0% used [0x0000000080000000,0x0000000080006000,0x0000000084000000)
 Metaspace       used 7566K, capacity 7838K, committed 8064K, reserved 1056768K
  class space    used 929K, capacity 1037K, committed 1152K, reserved 1048576K
}
Event: 1.786 GC heap before
{Heap before GC invocations=3 (full 0):
 PSYoungGen      total 28672K, used 27726K [0x00000000d5580000, 0x00000000d7580000, 0x0000000100000000)
  eden space 24576K, 100% used [0x00000000d5580000,0x00000000d6d80000,0x00000000d6d80000)
  from space 4096K, 76% used [0x00000000d7180000,0x00000000d7493ae0,0x00000000d7580000)
  to   space 4096K, 0% used [0x00000000d6d80000,0x00000000d6d80000,0x00000000d7180000)
 ParOldGen       total 65536K, used 24K [0x0000000080000000, 0x0000000084000000, 0x00000000d5580000)
  object space 65536K, 0% used [0x0000000080000000,0x0000000080006000,0x0000000084000000)
 Metaspace       used 7982K, capacity 8310K, committed 8576K, reserved 1056768K
  class space    used 1010K, capacity 1109K, committed 1152K, reserved 1048576K
Event: 1.790 GC heap after
Heap after GC invocations=3 (full 0):
 PSYoungGen      total 28672K, used 3857K [0x00000000d5580000, 0x00000000d8d80000, 0x0000000100000000)
  eden space 24576K, 0% used [0x00000000d5580000,0x00000000d5580000,0x00000000d6d80000)
  from space 4096K, 94% used [0x00000000d6d80000,0x00000000d71445f8,0x00000000d7180000)
  to   space 4096K, 0% used [0x00000000d8980000,0x00000000d8980000,0x00000000d8d80000)
 ParOldGen       total 65536K, used 32K [0x0000000080000000, 0x0000000084000000, 0x00000000d5580000)
  object space 65536K, 0% used [0x0000000080000000,0x0000000080008000,0x0000000084000000)
 Metaspace       used 7982K, capacity 8310K, committed 8576K, reserved 1056768K
  class space    used 1010K, capacity 1109K, committed 1152K, reserved 1048576K
}
Event: 3.763 GC heap before
{Heap before GC invocations=4 (full 0):
 PSYoungGen      total 28672K, used 28433K [0x00000000d5580000, 0x00000000d8d80000, 0x0000000100000000)
  eden space 24576K, 100% used [0x00000000d5580000,0x00000000d6d80000,0x00000000d6d80000)
  from space 4096K, 94% used [0x00000000d6d80000,0x00000000d71445f8,0x00000000d7180000)
  to   space 4096K, 0% used [0x00000000d8980000,0x00000000d8980000,0x00000000d8d80000)
 ParOldGen       total 65536K, used 32K [0x0000000080000000, 0x0000000084000000, 0x00000000d5580000)
  object space 65536K, 0% used [0x0000000080000000,0x0000000080008000,0x0000000084000000)
 Metaspace       used 12104K, capacity 12444K, committed 12544K, reserved 1060864K
  class space    used 1614K, capacity 1726K, committed 1792K, reserved 1048576K
Event: 3.784 GC heap after
Heap after GC invocations=4 (full 0):
 PSYoungGen      total 53248K, used 4080K [0x00000000d5580000, 0x00000000d8d80000, 0x0000000100000000)
  eden space 49152K, 0% used [0x00000000d5580000,0x00000000d5580000,0x00000000d8580000)
  from space 4096K, 99% used [0x00000000d8980000,0x00000000d8d7c010,0x00000000d8d80000)
  to   space 4096K, 0% used [0x00000000d8580000,0x00000000d8580000,0x00000000d8980000)
 ParOldGen       total 65536K, used 1831K [0x0000000080000000, 0x0000000084000000, 0x00000000d5580000)
  object space 65536K, 2% used [0x0000000080000000,0x00000000801c9c08,0x0000000084000000)
 Metaspace       used 12104K, capacity 12444K, committed 12544K, reserved 1060864K
  class space    used 1614K, capacity 1726K, committed 1792K, reserved 1048576K
}

Deoptimization events (10 events):
Event: 2.522 Thread 0x0000000002bce000 Uncommon trap: reason=unstable_if action=reinterpret pc=0x000000000300da20 method=java.io.WinNTFileSystem.normalize(Ljava/lang/String;)Ljava/lang/String; @ 128
Event: 3.647 Thread 0x000000001c479800 Uncommon trap: reason=unstable_if action=reinterpret pc=0x00000000030e8444 method=java.util.concurrent.ConcurrentHashMap.putVal(Ljava/lang/Object;Ljava/lang/Object;Z)Ljava/lang/Object; @ 206
Event: 3.793 Thread 0x000000001c4e1000 Uncommon trap: reason=bimorphic action=maybe_recompile pc=0x0000000002f93ae8 method=java.util.HashMap.putVal(ILjava/lang/Object;Ljava/lang/Object;ZZ)Ljava/lang/Object; @ 253
Event: 3.793 Thread 0x000000001c4e1000 Uncommon trap: reason=bimorphic action=maybe_recompile pc=0x0000000002f93ae8 method=java.util.HashMap.putVal(ILjava/lang/Object;Ljava/lang/Object;ZZ)Ljava/lang/Object; @ 253
Event: 3.793 Thread 0x000000001c4e1000 Uncommon trap: reason=bimorphic action=maybe_recompile pc=0x0000000002f93ae8 method=java.util.HashMap.putVal(ILjava/lang/Object;Ljava/lang/Object;ZZ)Ljava/lang/Object; @ 253
Event: 3.793 Thread 0x000000001c4e1000 Uncommon trap: reason=bimorphic action=maybe_recompile pc=0x0000000002f93ae8 method=java.util.HashMap.putVal(ILjava/lang/Object;Ljava/lang/Object;ZZ)Ljava/lang/Object; @ 253
Event: 4.376 Thread 0x000000001c4e1000 Uncommon trap: reason=class_check action=maybe_recompile pc=0x000000000300241c method=java.util.regex.Matcher.match(II)Z @ 86
Event: 4.420 Thread 0x000000001c4e1000 Uncommon trap: reason=class_check action=maybe_recompile pc=0x000000000300241c method=java.util.regex.Matcher.match(II)Z @ 86
Event: 4.422 Thread 0x000000001c4e1000 Uncommon trap: reason=class_check action=maybe_recompile pc=0x000000000300241c method=java.util.regex.Matcher.match(II)Z @ 86
Event: 4.422 Thread 0x000000001c4e1000 Uncommon trap: reason=class_check action=maybe_recompile pc=0x0000000002e9b41c method=java.util.regex.Matcher.match(II)Z @ 86

Classes redefined (0 events):
No events

Internal exceptions (10 events):
Event: 3.656 Thread 0x000000001c479800 Exception <a 'java/lang/NoSuchMethodError': <clinit>> (0x00000000d6b8dd78) thrown at [C:\src\AOSP-openjdk-git\hotspot\src\share\vm\prims\jni.cpp, line 1615]
Event: 3.681 Thread 0x000000001c479800 Exception <a 'java/lang/NoSuchMethodError': <clinit>> (0x00000000d6bfad08) thrown at [C:\src\AOSP-openjdk-git\hotspot\src\share\vm\prims\jni.cpp, line 1615]
Event: 3.696 Thread 0x000000001c479800 Exception <a 'java/lang/NoSuchMethodError': <clinit>> (0x00000000d6c35240) thrown at [C:\src\AOSP-openjdk-git\hotspot\src\share\vm\prims\jni.cpp, line 1615]
Event: 3.714 Thread 0x000000001c479800 Exception <a 'java/lang/NoSuchMethodError': <clinit>> (0x00000000d6c6aeb0) thrown at [C:\src\AOSP-openjdk-git\hotspot\src\share\vm\prims\jni.cpp, line 1615]
Event: 3.717 Thread 0x000000001c479800 Exception <a 'java/lang/NoSuchMethodError': <clinit>> (0x00000000d6c77410) thrown at [C:\src\AOSP-openjdk-git\hotspot\src\share\vm\prims\jni.cpp, line 1615]
Event: 4.586 Thread 0x000000001c4e1000 Exception <a 'java/lang/OutOfMemoryError'> (0x00000000d7404308) thrown at [C:\src\AOSP-openjdk-git\hotspot\src\share\vm\prims\jni.cpp, line 737]
Event: 4.586 Thread 0x000000001c4e1000 Exception <a 'java/lang/OutOfMemoryError'> (0x00000000d7404308) thrown at [C:\src\AOSP-openjdk-git\hotspot\src\share\vm\prims\jvm.cpp, line 1506]
Event: 4.586 Thread 0x000000001c4e1000 Exception <a 'java/lang/OutOfMemoryError'> (0x00000000d7404308) thrown at [C:\src\AOSP-openjdk-git\hotspot\src\share\vm\prims\jvm.cpp, line 1506]
Event: 4.586 Thread 0x000000001c4e1000 Exception <a 'java/lang/reflect/InvocationTargetException'> (0x00000000d7404ac8) thrown at [C:\src\AOSP-openjdk-git\hotspot\src\share\vm\runtime\reflection.cpp, line 1092]
Event: 4.609 Thread 0x000000001c4e1000 Exception <a 'java/lang/NoSuchMethodError': java.lang.Object.lambda$static$0(Lorg/gradle/internal/state/ModelObject;)Ljava/lang/String;> (0x00000000d75de998) thrown at [C:\src\AOSP-openjdk-git\hotspot\src\share\vm\interpreter\linkResolver.cpp, line 620]

Events (10 events):
Event: 4.651 loading class org/gradle/tooling/internal/provider/SessionScopeBuildActionExecuter$1
Event: 4.651 loading class org/gradle/tooling/internal/provider/SessionScopeBuildActionExecuter$1 done
Event: 4.653 loading class org/gradle/internal/work/DefaultWorkerLeaseService$1
Event: 4.653 loading class org/gradle/internal/work/DefaultWorkerLeaseService$1 done
Event: 4.654 loading class org/gradle/internal/resources/DefaultResourceLockCoordinationService$DefaultResourceLockState
Event: 4.654 loading class org/gradle/internal/resources/DefaultResourceLockCoordinationService$DefaultResourceLockState done
Event: 4.656 loading class org/gradle/internal/resources/ResourceLockState
Event: 4.656 loading class org/gradle/internal/resources/ResourceLockState done
Event: 4.657 loading class com/google/common/cache/LocalCache$Values
Event: 4.657 loading class com/google/common/cache/LocalCache$Values done


Dynamic libraries:
0x00007ff643130000 - 0x00007ff643161000 	C:\Program Files\Android\Android Studio\jre\bin\java.exe
0x00007ff8b0c50000 - 0x00007ff8b0e46000 	C:\WINDOWS\SYSTEM32\ntdll.dll
0x00007ff8b0960000 - 0x00007ff8b0a1d000 	C:\WINDOWS\System32\KERNEL32.DLL
0x00007ff8ae4d0000 - 0x00007ff8ae799000 	C:\WINDOWS\System32\KERNELBASE.dll
0x00007ff8b0190000 - 0x00007ff8b023c000 	C:\WINDOWS\System32\ADVAPI32.dll
0x00007ff8b0ac0000 - 0x00007ff8b0b5e000 	C:\WINDOWS\System32\msvcrt.dll
0x00007ff8b0720000 - 0x00007ff8b07bc000 	C:\WINDOWS\System32\sechost.dll
0x00007ff8aed70000 - 0x00007ff8aee9b000 	C:\WINDOWS\System32\RPCRT4.dll
0x00007ff8b07c0000 - 0x00007ff8b0960000 	C:\WINDOWS\System32\USER32.dll
0x00007ff8ae390000 - 0x00007ff8ae3b2000 	C:\WINDOWS\System32\win32u.dll
0x00007ff8b0a90000 - 0x00007ff8b0aba000 	C:\WINDOWS\System32\GDI32.dll
0x00007ff8ae3c0000 - 0x00007ff8ae4c9000 	C:\WINDOWS\System32\gdi32full.dll
0x00007ff8ae7a0000 - 0x00007ff8ae83d000 	C:\WINDOWS\System32\msvcp_win.dll
0x00007ff8aebb0000 - 0x00007ff8aecb0000 	C:\WINDOWS\System32\ucrtbase.dll
0x00007ff896f70000 - 0x00007ff89720b000 	C:\WINDOWS\WinSxS\amd64_microsoft.windows.common-controls_6595b64144ccf1df_6.0.19041.488_none_ca04af081b815d21\COMCTL32.dll
0x00007ff8aecb0000 - 0x00007ff8aece0000 	C:\WINDOWS\System32\IMM32.DLL
0x0000000053dd0000 - 0x0000000053ea2000 	C:\Program Files\Android\Android Studio\jre\jre\bin\msvcr100.dll
0x0000000052260000 - 0x0000000052aab000 	C:\Program Files\Android\Android Studio\jre\jre\bin\server\jvm.dll
0x00007ff8b0a20000 - 0x00007ff8b0a28000 	C:\WINDOWS\System32\PSAPI.DLL
0x00007ff8a8ae0000 - 0x00007ff8a8ae9000 	C:\WINDOWS\SYSTEM32\WSOCK32.dll
0x00007ff8a7d80000 - 0x00007ff8a7d8a000 	C:\WINDOWS\SYSTEM32\VERSION.dll
0x00007ff8996e0000 - 0x00007ff899707000 	C:\WINDOWS\SYSTEM32\WINMM.dll
0x00007ff8af940000 - 0x00007ff8af9ab000 	C:\WINDOWS\System32\WS2_32.dll
0x00007ff8a8690000 - 0x00007ff8a869f000 	C:\Program Files\Android\Android Studio\jre\jre\bin\verify.dll
0x00007ff8a5a80000 - 0x00007ff8a5aa9000 	C:\Program Files\Android\Android Studio\jre\jre\bin\java.dll
0x00007ff8a6550000 - 0x00007ff8a6566000 	C:\Program Files\Android\Android Studio\jre\jre\bin\zip.dll
0x00007ff8af9b0000 - 0x00007ff8b00f2000 	C:\WINDOWS\System32\SHELL32.dll
0x00007ff8ac200000 - 0x00007ff8ac995000 	C:\WINDOWS\SYSTEM32\windows.storage.dll
0x00007ff8af4a0000 - 0x00007ff8af7f6000 	C:\WINDOWS\System32\combase.dll
0x00007ff8ade00000 - 0x00007ff8ade2c000 	C:\WINDOWS\SYSTEM32\Wldp.dll
0x00007ff8af890000 - 0x00007ff8af93e000 	C:\WINDOWS\System32\SHCORE.dll
0x00007ff8b0a30000 - 0x00007ff8b0a85000 	C:\WINDOWS\System32\shlwapi.dll
0x00007ff8ae2c0000 - 0x00007ff8ae2e6000 	C:\WINDOWS\SYSTEM32\profapi.dll
0x00007ff8a5a60000 - 0x00007ff8a5a7a000 	C:\Program Files\Android\Android Studio\jre\jre\bin\net.dll
0x00007ff8adb10000 - 0x00007ff8adb7a000 	C:\WINDOWS\system32\mswsock.dll
0x00007ff8a5a40000 - 0x00007ff8a5a53000 	C:\Program Files\Android\Android Studio\jre\jre\bin\nio.dll
0x00007ff89d240000 - 0x00007ff89d267000 	C:\Users\ACER\.gradle\native\f6784746aeab05261644944871eae4fe03e0ef1612fff0a4a95f87b438bc6780\windows-amd64\native-platform.dll
0x00007ff8a85c0000 - 0x00007ff8a85cd000 	C:\Program Files\Android\Android Studio\jre\jre\bin\management.dll
0x00007ff8adce0000 - 0x00007ff8adcf8000 	C:\WINDOWS\SYSTEM32\CRYPTSP.dll
0x00007ff8ad4a0000 - 0x00007ff8ad4d4000 	C:\WINDOWS\system32\rsaenh.dll
0x00007ff8aeb80000 - 0x00007ff8aeba7000 	C:\WINDOWS\System32\bcrypt.dll
0x00007ff8ae280000 - 0x00007ff8ae2ae000 	C:\WINDOWS\SYSTEM32\USERENV.dll
0x00007ff8ae8f0000 - 0x00007ff8ae970000 	C:\WINDOWS\System32\bcryptprimitives.dll
0x00007ff8add00000 - 0x00007ff8add0c000 	C:\WINDOWS\SYSTEM32\CRYPTBASE.dll
0x00007ff8ad800000 - 0x00007ff8ad83b000 	C:\WINDOWS\SYSTEM32\IPHLPAPI.DLL
0x00007ff8aed60000 - 0x00007ff8aed68000 	C:\WINDOWS\System32\NSI.dll
0x00007ff8a7a20000 - 0x00007ff8a7a37000 	C:\WINDOWS\SYSTEM32\dhcpcsvc6.DLL
0x00007ff8a7aa0000 - 0x00007ff8a7abd000 	C:\WINDOWS\SYSTEM32\dhcpcsvc.DLL
0x00007ff8ad840000 - 0x00007ff8ad90b000 	C:\WINDOWS\SYSTEM32\DNSAPI.dll
0x00007ff8a7d90000 - 0x00007ff8a7d9b000 	C:\WINDOWS\SYSTEM32\WINNSI.DLL

VM Arguments:
jvm_args: -Xmx2048m -Dfile.encoding=UTF-8 -Duser.country=IN -Duser.language=en -Duser.variant 
java_command: org.gradle.launcher.daemon.bootstrap.GradleDaemon 6.5
java_class_path (initial): C:\Users\ACER\.gradle\wrapper\dists\gradle-6.5-bin\6nifqtx7604sqp1q6g8wikw7p\gradle-6.5\lib\gradle-launcher-6.5.jar
Launcher Type: SUN_STANDARD

Environment Variables:
PATH=C:\Users\ACER\AppData\Local\Android\Sdk\platform-tools;C:\Windows\system32;C:\Windows;C:\Windows\System32\Wbem;C:\Windows\System32\WindowsPowerShell\v1.0\;C:\Windows\System32\OpenSSH\;C:\Program Files (x86)\NVIDIA Corporation\PhysX\Common;C:\Program Files\NVIDIA Corporation\NVIDIA NvDLISR;C:\WINDOWS\system32;C:\WINDOWS;C:\WINDOWS\System32\Wbem;C:\WINDOWS\System32\WindowsPowerShell\v1.0\;C:\WINDOWS\System32\OpenSSH\;C:\Program Files\Git\cmd;C:\Users\ACER\AppData\Local\Microsoft\WindowsApps;
USERNAME=ACER
OS=Windows_NT
PROCESSOR_IDENTIFIER=AMD64 Family 23 Model 24 Stepping 1, AuthenticAMD



---------------  S Y S T E M  ---------------

OS: Windows 10.0 , 64 bit Build 19041 (10.0.19041.662)

CPU:total 8 (initial active 8) (8 cores per cpu, 1 threads per core) family 23 model 24 stepping 1, cmov, cx8, fxsr, mmx, sse, sse2, sse3, ssse3, sse4.1, sse4.2, popcnt, avx, avx2, aes, clmul, mmxext, 3dnowpref, lzcnt, sse4a, tsc, tscinvbit, tscinv, bmi1

Memory: 4k page, physical 6228620k(477420k free), swap 25102988k(4096k free)

vm_info: OpenJDK 64-Bit Server VM (25.242-b01) for windows-amd64 JRE (1.8.0_242-release-1644-b01), built by "builder" with MS VC++ 10.0 (VS2010)

time: Sun Feb 07 18:27:52 2021
timezone: India Standard Time
elapsed time: 4 seconds (0d 0h 0m 4s)

