#
# There is insufficient memory for the Java Runtime Environment to continue.
# Native memory allocation (malloc) failed to allocate 1567696 bytes for Chunk::new
# Possible reasons:
#   The system is out of physical RAM or swap space
#   The process is running with CompressedOops enabled, and the Java Heap may be blocking the growth of the native heap
# Possible solutions:
#   Reduce memory load on the system
#   Increase physical memory or swap space
#   Check if swap backing store is full
#   Decrease Java heap size (-Xmx/-Xms)
#   Decrease number of Java threads
#   Decrease Java thread stack sizes (-Xss)
#   Set larger code cache with -XX:ReservedCodeCacheSize=
#   JVM is running with Unscaled Compressed Oops mode in which the Java heap is
#     placed in the first 4GB address space. The Java Heap base address is the
#     maximum limit for the native heap growth. Please use -XX:HeapBaseMinAddress
#     to set the Java Heap base and to place the Java Heap above 4GB virtual address.
# This output file may be truncated or incomplete.
#
#  Out of Memory Error (allocation.cpp:389), pid=32468, tid=0x0000000000003a68
#
# JRE version: OpenJDK Runtime Environment (8.0_242-b01) (build 1.8.0_242-release-1644-b01)
# Java VM: OpenJDK 64-Bit Server VM (25.242-b01 mixed mode windows-amd64 compressed oops)
# Failed to write core dump. Minidumps are not enabled by default on client versions of Windows
#

---------------  T H R E A D  ---------------

Current thread (0x0000000019d75000):  JavaThread "C2 CompilerThread0" daemon [_thread_in_native, id=14952, stack(0x000000001a640000,0x000000001a740000)]

Stack: [0x000000001a640000,0x000000001a740000]
[error occurred during error reporting (printing stack bounds), id 0xc0000005]

Native frames: (J=compiled Java code, j=interpreted, Vv=VM code, C=native code)


Current CompileTask:
C2:  10647 2568       4       groovy.lang.MetaClassImpl$1MOPIter::methodNameAction (325 bytes)


---------------  P R O C E S S  ---------------

Java Threads: ( => current thread )
  0x000000001c8b3000 JavaThread "Cache worker for file content cache (C:\Users\ACER\.gradle\caches\6.5\fileContent)" [_thread_blocked, id=22780, stack(0x0000000021f60000,0x0000000022060000)]
  0x000000001c8b2000 JavaThread "jar transforms" [_thread_blocked, id=34604, stack(0x0000000021e60000,0x0000000021f60000)]
  0x000000001c8b5000 JavaThread "Cache worker for execution history cache (C:\Users\ACER\.gradle\caches\6.5\executionHistory)" [_thread_blocked, id=13184, stack(0x0000000021760000,0x0000000021860000)]
  0x000000001c8b0800 JavaThread "Cache worker for cache directory md-rule (C:\Users\ACER\.gradle\caches\6.5\md-rule)" [_thread_blocked, id=23796, stack(0x0000000021660000,0x0000000021760000)]
  0x000000001c8af800 JavaThread "Cache worker for cache directory md-supplier (C:\Users\ACER\.gradle\caches\6.5\md-supplier)" [_thread_blocked, id=32116, stack(0x0000000021560000,0x0000000021660000)]
  0x000000001c8b1800 JavaThread "Cache worker for checksums cache (C:\Users\ACER\AndroidStudioProjects\Translator\.gradle\checksums)" [_thread_blocked, id=3088, stack(0x0000000021460000,0x0000000021560000)]
  0x000000001c8af000 JavaThread "Cache worker for file hash cache (C:\Users\ACER\AndroidStudioProjects\Translator\.gradle\6.5\fileHashes)" [_thread_blocked, id=4800, stack(0x0000000020f00000,0x0000000021000000)]
  0x000000001c8b3800 JavaThread "Cache worker for file hash cache (C:\Users\ACER\.gradle\caches\6.5\fileHashes)" [_thread_blocked, id=18732, stack(0x000000001ec60000,0x000000001ed60000)]
  0x000000001c8ae000 JavaThread "File lock request listener" [_thread_in_native, id=26476, stack(0x000000001eb60000,0x000000001ec60000)]
  0x000000001c64a800 JavaThread "Cache worker for journal cache (C:\Users\ACER\.gradle\caches\journal-1)" [_thread_blocked, id=29224, stack(0x000000001ea60000,0x000000001eb60000)]
  0x000000001b81d000 JavaThread "Thread-9" [_thread_blocked, id=24068, stack(0x000000001e760000,0x000000001e860000)]
  0x000000001c670800 JavaThread "Stdin handler" [_thread_blocked, id=24372, stack(0x000000001e660000,0x000000001e760000)]
  0x000000001c666000 JavaThread "Asynchronous log dispatcher for DefaultDaemonConnection: socket connection from /127.0.0.1:57524 to /127.0.0.1:57525" [_thread_blocked, id=34020, stack(0x000000001e560000,0x000000001e660000)]
  0x000000001c662000 JavaThread "Daemon worker" [_thread_blocked, id=34480, stack(0x000000001e460000,0x000000001e560000)]
  0x000000001c653000 JavaThread "Cancel handler" [_thread_blocked, id=8012, stack(0x000000001e360000,0x000000001e460000)]
  0x000000001c40b000 JavaThread "Handler for socket connection from /127.0.0.1:57524 to /127.0.0.1:57525" [_thread_in_native, id=31816, stack(0x000000001e060000,0x000000001e160000)]
  0x000000001c40a000 JavaThread "Daemon" [_thread_blocked, id=1316, stack(0x000000001df60000,0x000000001e060000)]
  0x000000001c5fc000 JavaThread "Daemon periodic checks" [_thread_blocked, id=19288, stack(0x000000001de60000,0x000000001df60000)]
  0x000000001c5ac000 JavaThread "Incoming local TCP Connector on port 57524" [_thread_in_native, id=29576, stack(0x000000001dc20000,0x000000001dd20000)]
  0x000000001ad13800 JavaThread "Daemon health stats" [_thread_blocked, id=35708, stack(0x000000001d5e0000,0x000000001d6e0000)]
  0x0000000019e1c800 JavaThread "Service Thread" daemon [_thread_blocked, id=27056, stack(0x000000001aa40000,0x000000001ab40000)]
  0x0000000019d8b800 JavaThread "C1 CompilerThread3" daemon [_thread_blocked, id=21700, stack(0x000000001a940000,0x000000001aa40000)]
  0x0000000019d88000 JavaThread "C2 CompilerThread2" daemon [_thread_blocked, id=25376, stack(0x000000001a840000,0x000000001a940000)]
  0x0000000019d7e800 JavaThread "C2 CompilerThread1" daemon [_thread_blocked, id=19432, stack(0x000000001a740000,0x000000001a840000)]
=>0x0000000019d75000 JavaThread "C2 CompilerThread0" daemon [_thread_in_native, id=14952, stack(0x000000001a640000,0x000000001a740000)]
  0x0000000019d73800 JavaThread "Attach Listener" daemon [_thread_blocked, id=7656, stack(0x000000001a540000,0x000000001a640000)]
  0x0000000019d72000 JavaThread "Signal Dispatcher" daemon [_thread_blocked, id=30540, stack(0x000000001a440000,0x000000001a540000)]
  0x0000000019d60800 JavaThread "Finalizer" daemon [_thread_blocked, id=35676, stack(0x000000001a240000,0x000000001a340000)]
  0x0000000017f4c800 JavaThread "Reference Handler" daemon [_thread_blocked, id=34968, stack(0x000000001a140000,0x000000001a240000)]
  0x0000000002edd800 JavaThread "main" [_thread_blocked, id=1524, stack(0x0000000001490000,0x0000000001590000)]

Other Threads:
  0x0000000017f47800 VMThread [stack: 0x0000000019c40000,0x0000000019d40000] [id=20116]
  0x0000000019e1d800 WatcherThread [stack: 0x000000001ab40000,0x000000001ac40000] [id=16564]

VM state:at safepoint (normal execution)

VM Mutex/Monitor currently owned by a thread:  ([mutex/lock_event])
[0x0000000002edc8d0] Threads_lock - owner thread: 0x0000000017f47800
[0x0000000002edccd0] Heap_lock - owner thread: 0x000000001c662000

heap address: 0x0000000080000000, size: 2048 MB, Compressed Oops mode: 32-bit
Narrow klass base: 0x0000000000000000, Narrow klass shift: 3
Compressed class space size: 1073741824 Address: 0x0000000100000000

Heap:
 PSYoungGen      total 156160K, used 458K [0x00000000d5580000, 0x00000000dfa00000, 0x0000000100000000)
  eden space 143872K, 0% used [0x00000000d5580000,0x00000000d5580000,0x00000000de200000)
  from space 12288K, 3% used [0x00000000de200000,0x00000000de272b60,0x00000000dee00000)
  to   space 11264K, 0% used [0x00000000dee80000,0x00000000dee80000,0x00000000df980000)
 ParOldGen       total 38400K, used 16012K [0x0000000080000000, 0x0000000082580000, 0x00000000d5580000)
  object space 38400K, 41% used [0x0000000080000000,0x0000000080fa3070,0x0000000082580000)
 Metaspace       used 34608K, capacity 35720K, committed 35880K, reserved 1083392K
  class space    used 4768K, capacity 5041K, committed 5168K, reserved 1048576K

Card table byte_map: [0x00000000122a0000,0x00000000126b0000] byte_map_base: 0x0000000011ea0000

Marking Bits: (ParMarkBitMap*) 0x0000000053b3f030
 Begin Bits: [0x0000000013160000, 0x0000000015160000)
 End Bits:   [0x0000000015160000, 0x0000000017160000)

Polling page: 0x0000000000fa0000

CodeCache: size=245760Kb used=9747Kb max_used=9852Kb free=236012Kb
 bounds [0x0000000002ee0000, 0x0000000003890000, 0x0000000011ee0000]
 total_blobs=3219 nmethods=2531 adapters=602
 compilation: enabled

Compilation events (10 events):
Event: 10.618 Thread 0x0000000019d8b800 2732       3       com.google.common.reflect.TypeResolver::resolveType (74 bytes)
Event: 10.619 Thread 0x0000000019d8b800 nmethod 2732 0x0000000003872910 code [0x0000000003872bc0, 0x0000000003874128]
Event: 10.620 Thread 0x0000000019d8b800 2735       3       org.objectweb.asm.Type::getSort (19 bytes)
Event: 10.620 Thread 0x0000000019d8b800 nmethod 2735 0x00000000030a3210 code [0x00000000030a3360, 0x00000000030a3510]
Event: 10.621 Thread 0x0000000019d8b800 2733       3       java.lang.StringBuilder::getChars (10 bytes)
Event: 10.621 Thread 0x0000000019d8b800 nmethod 2733 0x00000000030d61d0 code [0x00000000030d6340, 0x00000000030d64c8]
Event: 10.622 Thread 0x0000000019d8b800 2736       1       sun.reflect.generics.tree.Wildcard::getUpperBounds (5 bytes)
Event: 10.622 Thread 0x0000000019d8b800 nmethod 2736 0x0000000003279b90 code [0x0000000003279ce0, 0x0000000003279df0]
Event: 10.622 Thread 0x0000000019d8b800 2734       3       java.lang.AbstractStringBuilder::getChars (64 bytes)
Event: 10.623 Thread 0x0000000019d8b800 nmethod 2734 0x00000000030e7610 code [0x00000000030e77c0, 0x00000000030e7d18]

GC Heap History (10 events):
Event: 6.943 GC heap after
Heap after GC invocations=8 (full 0):
 PSYoungGen      total 105472K, used 3104K [0x00000000d5580000, 0x00000000dc580000, 0x0000000100000000)
  eden space 96256K, 0% used [0x00000000d5580000,0x00000000d5580000,0x00000000db380000)
  from space 9216K, 33% used [0x00000000dbc80000,0x00000000dbf88030,0x00000000dc580000)
  to   space 9216K, 0% used [0x00000000db380000,0x00000000db380000,0x00000000dbc80000)
 ParOldGen       total 65536K, used 7753K [0x0000000080000000, 0x0000000084000000, 0x00000000d5580000)
  object space 65536K, 11% used [0x0000000080000000,0x0000000080792648,0x0000000084000000)
 Metaspace       used 20587K, capacity 21224K, committed 21296K, reserved 1067008K
  class space    used 2877K, capacity 3076K, committed 3120K, reserved 1048576K
}
Event: 6.943 GC heap before
{Heap before GC invocations=9 (full 1):
 PSYoungGen      total 105472K, used 3104K [0x00000000d5580000, 0x00000000dc580000, 0x0000000100000000)
  eden space 96256K, 0% used [0x00000000d5580000,0x00000000d5580000,0x00000000db380000)
  from space 9216K, 33% used [0x00000000dbc80000,0x00000000dbf88030,0x00000000dc580000)
  to   space 9216K, 0% used [0x00000000db380000,0x00000000db380000,0x00000000dbc80000)
 ParOldGen       total 65536K, used 7753K [0x0000000080000000, 0x0000000084000000, 0x00000000d5580000)
  object space 65536K, 11% used [0x0000000080000000,0x0000000080792648,0x0000000084000000)
 Metaspace       used 20587K, capacity 21224K, committed 21296K, reserved 1067008K
  class space    used 2877K, capacity 3076K, committed 3120K, reserved 1048576K
Event: 6.983 GC heap after
Heap after GC invocations=9 (full 1):
 PSYoungGen      total 105472K, used 0K [0x00000000d5580000, 0x00000000dc580000, 0x0000000100000000)
  eden space 96256K, 0% used [0x00000000d5580000,0x00000000d5580000,0x00000000db380000)
  from space 9216K, 0% used [0x00000000dbc80000,0x00000000dbc80000,0x00000000dc580000)
  to   space 9216K, 0% used [0x00000000db380000,0x00000000db380000,0x00000000dbc80000)
 ParOldGen       total 38400K, used 6810K [0x0000000080000000, 0x0000000082580000, 0x00000000d5580000)
  object space 38400K, 17% used [0x0000000080000000,0x00000000806a6ac8,0x0000000082580000)
 Metaspace       used 20587K, capacity 21224K, committed 21296K, reserved 1067008K
  class space    used 2877K, capacity 3076K, committed 3120K, reserved 1048576K
}
Event: 8.984 GC heap before
{Heap before GC invocations=10 (full 1):
 PSYoungGen      total 105472K, used 96256K [0x00000000d5580000, 0x00000000dc580000, 0x0000000100000000)
  eden space 96256K, 100% used [0x00000000d5580000,0x00000000db380000,0x00000000db380000)
  from space 9216K, 0% used [0x00000000dbc80000,0x00000000dbc80000,0x00000000dc580000)
  to   space 9216K, 0% used [0x00000000db380000,0x00000000db380000,0x00000000dbc80000)
 ParOldGen       total 38400K, used 6810K [0x0000000080000000, 0x0000000082580000, 0x00000000d5580000)
  object space 38400K, 17% used [0x0000000080000000,0x00000000806a6ac8,0x0000000082580000)
 Metaspace       used 31076K, capacity 32014K, committed 32176K, reserved 1077248K
  class space    used 4209K, capacity 4434K, committed 4528K, reserved 1048576K
Event: 9.009 GC heap after
Heap after GC invocations=10 (full 1):
 PSYoungGen      total 105472K, used 9197K [0x00000000d5580000, 0x00000000df980000, 0x0000000100000000)
  eden space 96256K, 0% used [0x00000000d5580000,0x00000000d5580000,0x00000000db380000)
  from space 9216K, 99% used [0x00000000db380000,0x00000000dbc7b5e0,0x00000000dbc80000)
  to   space 11264K, 0% used [0x00000000dee80000,0x00000000dee80000,0x00000000df980000)
 ParOldGen       total 38400K, used 8683K [0x0000000080000000, 0x0000000082580000, 0x00000000d5580000)
  object space 38400K, 22% used [0x0000000080000000,0x000000008087ae80,0x0000000082580000)
 Metaspace       used 31076K, capacity 32014K, committed 32176K, reserved 1077248K
  class space    used 4209K, capacity 4434K, committed 4528K, reserved 1048576K
}
Event: 10.426 GC heap before
{Heap before GC invocations=11 (full 1):
 PSYoungGen      total 105472K, used 78029K [0x00000000d5580000, 0x00000000df980000, 0x0000000100000000)
  eden space 96256K, 71% used [0x00000000d5580000,0x00000000d98b81a0,0x00000000db380000)
  from space 9216K, 99% used [0x00000000db380000,0x00000000dbc7b5e0,0x00000000dbc80000)
  to   space 11264K, 0% used [0x00000000dee80000,0x00000000dee80000,0x00000000df980000)
 ParOldGen       total 38400K, used 8683K [0x0000000080000000, 0x0000000082580000, 0x00000000d5580000)
  object space 38400K, 22% used [0x0000000080000000,0x000000008087ae80,0x0000000082580000)
 Metaspace       used 34348K, capacity 35420K, committed 35496K, reserved 1079296K
  class space    used 4732K, capacity 5003K, committed 5040K, reserved 1048576K
Event: 10.445 GC heap after
Heap after GC invocations=11 (full 1):
 PSYoungGen      total 155136K, used 9726K [0x00000000d5580000, 0x00000000dfa00000, 0x0000000100000000)
  eden space 143872K, 0% used [0x00000000d5580000,0x00000000d5580000,0x00000000de200000)
  from space 11264K, 86% used [0x00000000dee80000,0x00000000df7ff848,0x00000000df980000)
  to   space 12288K, 0% used [0x00000000de200000,0x00000000de200000,0x00000000dee00000)
 ParOldGen       total 38400K, used 8691K [0x0000000080000000, 0x0000000082580000, 0x00000000d5580000)
  object space 38400K, 22% used [0x0000000080000000,0x000000008087ce80,0x0000000082580000)
 Metaspace       used 34348K, capacity 35420K, committed 35496K, reserved 1079296K
  class space    used 4732K, capacity 5003K, committed 5040K, reserved 1048576K
}
Event: 10.445 GC heap before
{Heap before GC invocations=12 (full 2):
 PSYoungGen      total 155136K, used 9726K [0x00000000d5580000, 0x00000000dfa00000, 0x0000000100000000)
  eden space 143872K, 0% used [0x00000000d5580000,0x00000000d5580000,0x00000000de200000)
  from space 11264K, 86% used [0x00000000dee80000,0x00000000df7ff848,0x00000000df980000)
  to   space 12288K, 0% used [0x00000000de200000,0x00000000de200000,0x00000000dee00000)
 ParOldGen       total 38400K, used 8691K [0x0000000080000000, 0x0000000082580000, 0x00000000d5580000)
  object space 38400K, 22% used [0x0000000080000000,0x000000008087ce80,0x0000000082580000)
 Metaspace       used 34348K, capacity 35420K, committed 35496K, reserved 1079296K
  class space    used 4732K, capacity 5003K, committed 5040K, reserved 1048576K
Event: 10.541 GC heap after
Heap after GC invocations=12 (full 2):
 PSYoungGen      total 155136K, used 0K [0x00000000d5580000, 0x00000000dfa00000, 0x0000000100000000)
  eden space 143872K, 0% used [0x00000000d5580000,0x00000000d5580000,0x00000000de200000)
  from space 11264K, 0% used [0x00000000dee80000,0x00000000dee80000,0x00000000df980000)
  to   space 12288K, 0% used [0x00000000de200000,0x00000000de200000,0x00000000dee00000)
 ParOldGen       total 38400K, used 16012K [0x0000000080000000, 0x0000000082580000, 0x00000000d5580000)
  object space 38400K, 41% used [0x0000000080000000,0x0000000080fa3070,0x0000000082580000)
 Metaspace       used 34348K, capacity 35420K, committed 35496K, reserved 1079296K
  class space    used 4732K, capacity 5003K, committed 5040K, reserved 1048576K
}
Event: 10.641 GC heap before
{Heap before GC invocations=13 (full 2):
 PSYoungGen      total 155136K, used 5432K [0x00000000d5580000, 0x00000000dfa00000, 0x0000000100000000)
  eden space 143872K, 3% used [0x00000000d5580000,0x00000000d5ace118,0x00000000de200000)
  from space 11264K, 0% used [0x00000000dee80000,0x00000000dee80000,0x00000000df980000)
  to   space 12288K, 0% used [0x00000000de200000,0x00000000de200000,0x00000000dee00000)
 ParOldGen       total 38400K, used 16012K [0x0000000080000000, 0x0000000082580000, 0x00000000d5580000)
  object space 38400K, 41% used [0x0000000080000000,0x0000000080fa3070,0x0000000082580000)
 Metaspace       used 34608K, capacity 35720K, committed 35880K, reserved 1083392K
  class space    used 4768K, capacity 5041K, committed 5168K, reserved 1048576K

Deoptimization events (10 events):
Event: 7.604 Thread 0x000000001c662000 Uncommon trap: reason=unstable_if action=reinterpret pc=0x0000000003435ee0 method=java.util.HashMap.putVal(ILjava/lang/Object;Ljava/lang/Object;ZZ)Ljava/lang/Object; @ 162
Event: 8.364 Thread 0x000000001c662000 Uncommon trap: reason=unstable_if action=reinterpret pc=0x000000000346dc94 method=java.net.URLClassLoader.defineClass(Ljava/lang/String;Lsun/misc/Resource;)Ljava/lang/Class; @ 21
Event: 8.366 Thread 0x000000001c662000 Uncommon trap: reason=unstable_if action=reinterpret pc=0x00000000033cb4a0 method=java.lang.ClassLoader.getClassLoadingLock(Ljava/lang/String;)Ljava/lang/Object; @ 6
Event: 9.012 Thread 0x0000000017f4c800 Uncommon trap: reason=unstable_if action=reinterpret pc=0x00000000034259cc method=java.lang.ref.Reference.tryHandlePending(Z)Z @ 104
Event: 9.022 Thread 0x000000001c662000 Uncommon trap: reason=unstable_if action=reinterpret pc=0x000000000349d838 method=java.util.HashMap.getNode(ILjava/lang/Object;)Ljava/util/HashMap$Node; @ 53
Event: 9.299 Thread 0x000000001c662000 Uncommon trap: reason=unstable_if action=reinterpret pc=0x00000000036a13ec method=org.gradle.internal.reflect.PropertyAccessorType.isGetGetterName(Ljava/lang/String;)Z @ 14
Event: 9.376 Thread 0x000000001c662000 Uncommon trap: reason=unstable_if action=reinterpret pc=0x000000000359d680 method=org.objectweb.asm.ByteVector.putShort(I)Lorg/objectweb/asm/ByteVector; @ 13
Event: 9.569 Thread 0x000000001c662000 Uncommon trap: reason=unstable_if action=reinterpret pc=0x00000000034c6434 method=java.net.URLClassLoader.defineClass(Ljava/lang/String;Lsun/misc/Resource;)Ljava/lang/Class; @ 21
Event: 9.699 Thread 0x000000001c662000 Uncommon trap: reason=unstable_if action=reinterpret pc=0x00000000031f82d0 method=org.codehaus.groovy.runtime.metaclass.MetaMethodIndex.addMethodToList(Ljava/lang/Object;Lgroovy/lang/MetaMethod;)Ljava/lang/Object; @ 226
Event: 9.848 Thread 0x000000001c662000 Uncommon trap: reason=range_check action=make_not_entrant pc=0x00000000037fbeb8 method=java.lang.String.charAt(I)C @ 27

Classes redefined (0 events):
No events

Internal exceptions (10 events):
Event: 9.759 Thread 0x000000001c662000 Exception <a 'java/lang/ClassNotFoundException': org/gradle/api/internal/DefaultNamedDomainObjectListCustomizer> (0x00000000d72a2700) thrown at [C:\src\AOSP-openjdk-git\hotspot\src\share\vm\classfile\systemDictionary.cpp, line 210]
Event: 9.764 Thread 0x000000001c662000 Exception <a 'java/lang/ClassNotFoundException': org/gradle/api/internal/artifacts/DefaultArtifactRepositoryContainerCustomizer> (0x00000000d7317620) thrown at [C:\src\AOSP-openjdk-git\hotspot\src\share\vm\classfile\systemDictionary.cpp, line 210]
Event: 9.768 Thread 0x000000001c662000 Exception <a 'java/lang/ClassNotFoundException': org/gradle/api/internal/artifacts/dsl/DefaultRepositoryHandlerCustomizer> (0x00000000d737c9c8) thrown at [C:\src\AOSP-openjdk-git\hotspot\src\share\vm\classfile\systemDictionary.cpp, line 210]
Event: 9.773 Thread 0x000000001c662000 Exception <a 'java/lang/ClassNotFoundException': org/gradle/api/internal/artifacts/dsl/DefaultRepositoryHandler_DecoratedCustomizer> (0x00000000d7400228) thrown at [C:\src\AOSP-openjdk-git\hotspot\src\share\vm\classfile\systemDictionary.cpp, line 210]
Event: 10.073 Thread 0x000000001c662000 Exception <a 'java/lang/ClassNotFoundException': org/gradle/api/internal/artifacts/dsl/dependencies/DefaultDependencyHandler_DecoratedBeanInfo> (0x00000000d824f330) thrown at [C:\src\AOSP-openjdk-git\hotspot\src\share\vm\classfile\systemDictionary.cpp, li
Event: 10.078 Thread 0x000000001c662000 Exception <a 'java/lang/ClassNotFoundException': org/gradle/api/internal/artifacts/dsl/dependencies/DefaultDependencyHandlerBeanInfo> (0x00000000d82a7c70) thrown at [C:\src\AOSP-openjdk-git\hotspot\src\share\vm\classfile\systemDictionary.cpp, line 210]
Event: 10.082 Thread 0x000000001c662000 Exception <a 'java/lang/ClassNotFoundException': org/gradle/api/internal/artifacts/dsl/dependencies/DefaultDependencyHandlerCustomizer> (0x00000000d83018e8) thrown at [C:\src\AOSP-openjdk-git\hotspot\src\share\vm\classfile\systemDictionary.cpp, line 210]
Event: 10.088 Thread 0x000000001c662000 Exception <a 'java/lang/ClassNotFoundException': org/gradle/api/internal/artifacts/dsl/dependencies/DefaultDependencyHandler_DecoratedCustomizer> (0x00000000d838c640) thrown at [C:\src\AOSP-openjdk-git\hotspot\src\share\vm\classfile\systemDictionary.cpp, 
Event: 10.220 Thread 0x000000001c662000 Exception <a 'java/lang/NoSuchMethodError': java.lang.Object.lambda$static$0(Lorg/gradle/api/internal/artifacts/configurations/MutationValidator$MutationType;)V> (0x00000000d8a99d60) thrown at [C:\src\AOSP-openjdk-git\hotspot\src\share\vm\interpreter\link
Event: 10.565 Thread 0x000000001c662000 Exception <a 'java/lang/NoSuchMethodError': java.lang.Object.lambda$static$0(Lorg/gradle/internal/component/model/DependencyMetadata;)Lorg/gradle/api/internal/artifacts/ivyservice/dependencysubstitution/DependencySubstitutionApplicator$SubstitutionResult;

Events (10 events):
Event: 10.630 loading class org/gradle/api/internal/artifacts/configurations/Configurations done
Event: 10.633 loading class org/gradle/internal/component/external/model/ImmutableCapabilities
Event: 10.633 loading class org/gradle/internal/component/external/model/ImmutableCapabilities done
Event: 10.635 loading class org/gradle/internal/component/external/model/ImmutableCapabilities$ShadowedSingleImmutableCapabilities
Event: 10.635 loading class org/gradle/internal/component/external/model/ImmutableCapabilities$ShadowedSingleImmutableCapabilities done
Event: 10.635 loading class org/gradle/internal/component/external/model/ShadowedCapabilityOnly
Event: 10.635 loading class org/gradle/internal/component/external/model/ShadowedCapabilityOnly done
Event: 10.638 loading class org/gradle/api/internal/artifacts/configurations/DefaultConfigurationPublications$1
Event: 10.638 loading class org/gradle/api/internal/artifacts/configurations/DefaultConfigurationPublications$1 done
Event: 10.640 Executing VM operation: CollectForMetadataAllocation


Dynamic libraries:
0x00007ff628100000 - 0x00007ff628131000 	C:\Program Files\Android\Android Studio\jre\bin\java.exe
0x00007ff8b0c50000 - 0x00007ff8b0e46000 	C:\WINDOWS\SYSTEM32\ntdll.dll
0x00007ff8b0960000 - 0x00007ff8b0a1d000 	C:\WINDOWS\System32\KERNEL32.DLL
0x00007ff8ae4d0000 - 0x00007ff8ae799000 	C:\WINDOWS\System32\KERNELBASE.dll
0x00007ff8b0190000 - 0x00007ff8b023c000 	C:\WINDOWS\System32\ADVAPI32.dll
0x00007ff8b0ac0000 - 0x00007ff8b0b5e000 	C:\WINDOWS\System32\msvcrt.dll
0x00007ff8b0720000 - 0x00007ff8b07bc000 	C:\WINDOWS\System32\sechost.dll
0x00007ff8aed70000 - 0x00007ff8aee9b000 	C:\WINDOWS\System32\RPCRT4.dll
0x00007ff8b07c0000 - 0x00007ff8b0960000 	C:\WINDOWS\System32\USER32.dll
0x00007ff8ae390000 - 0x00007ff8ae3b2000 	C:\WINDOWS\System32\win32u.dll
0x00007ff8b0a90000 - 0x00007ff8b0aba000 	C:\WINDOWS\System32\GDI32.dll
0x00007ff8ae3c0000 - 0x00007ff8ae4c9000 	C:\WINDOWS\System32\gdi32full.dll
0x00007ff8ae7a0000 - 0x00007ff8ae83d000 	C:\WINDOWS\System32\msvcp_win.dll
0x00007ff8aebb0000 - 0x00007ff8aecb0000 	C:\WINDOWS\System32\ucrtbase.dll
0x00007ff896f70000 - 0x00007ff89720b000 	C:\WINDOWS\WinSxS\amd64_microsoft.windows.common-controls_6595b64144ccf1df_6.0.19041.488_none_ca04af081b815d21\COMCTL32.dll
0x00007ff8aecb0000 - 0x00007ff8aece0000 	C:\WINDOWS\System32\IMM32.DLL
0x0000000053e10000 - 0x0000000053ee2000 	C:\Program Files\Android\Android Studio\jre\jre\bin\msvcr100.dll
0x0000000053370000 - 0x0000000053bbb000 	C:\Program Files\Android\Android Studio\jre\jre\bin\server\jvm.dll
0x00007ff8b0a20000 - 0x00007ff8b0a28000 	C:\WINDOWS\System32\PSAPI.DLL
0x00007ff8a9880000 - 0x00007ff8a9889000 	C:\WINDOWS\SYSTEM32\WSOCK32.dll
0x00007ff8a7d80000 - 0x00007ff8a7d8a000 	C:\WINDOWS\SYSTEM32\VERSION.dll
0x00007ff8996e0000 - 0x00007ff899707000 	C:\WINDOWS\SYSTEM32\WINMM.dll
0x00007ff8af940000 - 0x00007ff8af9ab000 	C:\WINDOWS\System32\WS2_32.dll
0x00007ff8a8d60000 - 0x00007ff8a8d6f000 	C:\Program Files\Android\Android Studio\jre\jre\bin\verify.dll
0x00007ff8a44f0000 - 0x00007ff8a4519000 	C:\Program Files\Android\Android Studio\jre\jre\bin\java.dll
0x00007ff8a45e0000 - 0x00007ff8a45f6000 	C:\Program Files\Android\Android Studio\jre\jre\bin\zip.dll
0x00007ff8af9b0000 - 0x00007ff8b00f2000 	C:\WINDOWS\System32\SHELL32.dll
0x00007ff8ac200000 - 0x00007ff8ac995000 	C:\WINDOWS\SYSTEM32\windows.storage.dll
0x00007ff8af4a0000 - 0x00007ff8af7f6000 	C:\WINDOWS\System32\combase.dll
0x00007ff8ade00000 - 0x00007ff8ade2c000 	C:\WINDOWS\SYSTEM32\Wldp.dll
0x00007ff8af890000 - 0x00007ff8af93e000 	C:\WINDOWS\System32\SHCORE.dll
0x00007ff8b0a30000 - 0x00007ff8b0a85000 	C:\WINDOWS\System32\shlwapi.dll
0x00007ff8ae2c0000 - 0x00007ff8ae2e6000 	C:\WINDOWS\SYSTEM32\profapi.dll
0x00007ff8a44d0000 - 0x00007ff8a44ea000 	C:\Program Files\Android\Android Studio\jre\jre\bin\net.dll
0x00007ff8adb10000 - 0x00007ff8adb7a000 	C:\WINDOWS\system32\mswsock.dll
0x00007ff8a4170000 - 0x00007ff8a4183000 	C:\Program Files\Android\Android Studio\jre\jre\bin\nio.dll
0x00007ff88baf0000 - 0x00007ff88bb17000 	C:\Users\ACER\.gradle\native\f6784746aeab05261644944871eae4fe03e0ef1612fff0a4a95f87b438bc6780\windows-amd64\native-platform.dll
0x00007ff8a8ae0000 - 0x00007ff8a8aed000 	C:\Program Files\Android\Android Studio\jre\jre\bin\management.dll
0x00007ff8adce0000 - 0x00007ff8adcf8000 	C:\WINDOWS\SYSTEM32\CRYPTSP.dll
0x00007ff8ad4a0000 - 0x00007ff8ad4d4000 	C:\WINDOWS\system32\rsaenh.dll
0x00007ff8aeb80000 - 0x00007ff8aeba7000 	C:\WINDOWS\System32\bcrypt.dll
0x00007ff8ae280000 - 0x00007ff8ae2ae000 	C:\WINDOWS\SYSTEM32\USERENV.dll
0x00007ff8ae8f0000 - 0x00007ff8ae970000 	C:\WINDOWS\System32\bcryptprimitives.dll
0x00007ff8add00000 - 0x00007ff8add0c000 	C:\WINDOWS\SYSTEM32\CRYPTBASE.dll
0x00007ff8ad800000 - 0x00007ff8ad83b000 	C:\WINDOWS\SYSTEM32\IPHLPAPI.DLL
0x00007ff8aed60000 - 0x00007ff8aed68000 	C:\WINDOWS\System32\NSI.dll
0x00007ff8a7a20000 - 0x00007ff8a7a37000 	C:\WINDOWS\SYSTEM32\dhcpcsvc6.DLL
0x00007ff8a7aa0000 - 0x00007ff8a7abd000 	C:\WINDOWS\SYSTEM32\dhcpcsvc.DLL
0x00007ff8ad840000 - 0x00007ff8ad90b000 	C:\WINDOWS\SYSTEM32\DNSAPI.dll
0x00007ff8a7d90000 - 0x00007ff8a7d9b000 	C:\WINDOWS\SYSTEM32\WINNSI.DLL

VM Arguments:
jvm_args: -Xmx2048m -Dfile.encoding=UTF-8 -Duser.country=IN -Duser.language=en -Duser.variant 
java_command: org.gradle.launcher.daemon.bootstrap.GradleDaemon 6.5
java_class_path (initial): C:\Users\ACER\.gradle\wrapper\dists\gradle-6.5-bin\6nifqtx7604sqp1q6g8wikw7p\gradle-6.5\lib\gradle-launcher-6.5.jar
Launcher Type: SUN_STANDARD

Environment Variables:
PATH=C:\Program Files\Common Files\Oracle\Java\javapath;C:\Windows\system32;C:\Windows;C:\Windows\System32\Wbem;C:\Windows\System32\WindowsPowerShell\v1.0\;C:\Windows\System32\OpenSSH\;C:\Program Files (x86)\NVIDIA Corporation\PhysX\Common;C:\Program Files\NVIDIA Corporation\NVIDIA NvDLISR;C:\WINDOWS\system32;C:\WINDOWS;C:\WINDOWS\System32\Wbem;C:\WINDOWS\System32\WindowsPowerShell\v1.0\;C:\WINDOWS\System32\OpenSSH\;C:\Program Files\Git\cmd;C:\Users\ACER\AppData\Local\Microsoft\WindowsApps;
USERNAME=ACER
OS=Windows_NT
PROCESSOR_IDENTIFIER=AMD64 Family 23 Model 24 Stepping 1, AuthenticAMD



---------------  S Y S T E M  ---------------

OS: Windows 10.0 , 64 bit Build 19041 (10.0.19041.662)

CPU:total 8 (initial active 8) (8 cores per cpu, 1 threads per core) family 23 model 24 stepping 1, cmov, cx8, fxsr, mmx, sse, sse2, sse3, ssse3, sse4.1, sse4.2, popcnt, avx, avx2, aes, clmul, mmxext, 3dnowpref, lzcnt, sse4a, tsc, tscinvbit, tscinv, bmi1

Memory: 4k page, physical 6228620k(189072k free), swap 25102988k(4352k free)

vm_info: OpenJDK 64-Bit Server VM (25.242-b01) for windows-amd64 JRE (1.8.0_242-release-1644-b01), built by "builder" with MS VC++ 10.0 (VS2010)

time: Mon Feb 01 12:17:17 2021
timezone: India Standard Time
elapsed time: 10 seconds (0d 0h 0m 10s)

